npm verbose cli /opt/homebrew/Cellar/node/22.2.0/bin/node /opt/homebrew/bin/npm
npm info using npm@10.7.0
npm info using node@v22.2.0
npm verbose cache could not create cache: Error: ENOENT: no such file or directory, mkdir '/home/runner'
npm verbose logfile could not create logs-dir: Error: ENOENT: no such file or directory, mkdir '/home/runner'
npm verbose title npm install
npm verbose argv "install" "--loglevel" "verbose"
npm verbose logfile logs-max:10 dir:/home/runner/.npm/_logs/2024-06-19T09_11_15_831Z-
npm verbose logfile could not be created: Error: ENOENT: no such file or directory, open '/home/runner/.npm/_logs/2024-06-19T09_11_15_831Z-debug-0.log'
npm verbose logfile no logfile created
npm verbose logfile error cleaning log files Error: ENOENT: no such file or directory, scandir '/home/runner/.npm/_logs'
npm verbose logfile     at async Object.readdir (node:internal/fs/promises:953:18)
npm verbose logfile     at async #cleanLogs (/opt/homebrew/lib/node_modules/npm/lib/utils/log-file.js:204:19) {
npm verbose logfile   errno: -2,
npm verbose logfile   code: 'ENOENT',
npm verbose logfile   syscall: 'scandir',
npm verbose logfile   path: '/home/runner/.npm/_logs'
npm verbose logfile }
npm http fetch GET 200 https://registry.npmjs.org/npm 376ms
npm http fetch POST 200 https://registry.npmjs.org/-/npm/v1/security/advisories/bulk 478ms
npm http fetch GET 200 https://registry.npmjs.org/watchpack-chokidar2 89ms (cache miss)
npm http fetch GET 200 https://registry.npmjs.org/findup-sync 101ms (cache miss)

up to date, audited 885 packages in 4s

54 packages are looking for funding
  run `npm fund` for details

27 high severity vulnerabilities

To address issues that do not require attention, run:
  npm audit fix

Some issues need review, and may require choosing
a different dependency.

Run `npm audit` for details.
npm notice
npm notice New minor version of npm available! 10.7.0 -> 10.8.1
npm notice Changelog: https://github.com/npm/cli/releases/tag/v10.8.1
npm notice To update run: npm install -g npm@10.8.1
npm notice
npm verbose exit 0
npm info ok
