0 verbose cli /opt/homebrew/Cellar/node/22.3.0/bin/node /opt/homebrew/bin/npm
1 info using npm@10.8.1
2 info using node@v22.3.0
3 silly config load:file:/opt/homebrew/lib/node_modules/npm/npmrc
4 silly config load:file:/Users/minahpark/Desktop/ozcoding_practice/react-github-actions/.npmrc
5 silly config load:file:/Users/minahpark/.npmrc
6 silly config load:file:/Users/minahpark/Desktop/ozcoding_practice/react-github-actions/npm-global/etc/npmrc
7 verbose title npm install
8 verbose argv "install"
9 verbose logfile logs-max:10 dir:/Users/minahpark/Desktop/ozcoding_practice/react-github-actions/.npm-cache/_logs/2024-06-19T17_35_52_837Z-
10 verbose logfile /Users/minahpark/Desktop/ozcoding_practice/react-github-actions/.npm-cache/_logs/2024-06-19T17_35_52_837Z-debug-0.log
11 silly packumentCache heap:2197815296 maxSize:549453824 maxEntrySize:274726912
12 silly logfile done cleaning log files
13 silly idealTree buildDeps
14 silly fetch manifest web-vitals@^2.1.4
15 silly packumentCache full:https://registry.npmjs.org/web-vitals cache-miss
16 http fetch GET 200 https://registry.npmjs.org/npm 136ms
17 http fetch GET 200 https://registry.npmjs.org/web-vitals 720ms (cache miss)
18 silly packumentCache full:https://registry.npmjs.org/web-vitals set size:undefined disposed:false
19 silly fetch manifest aws-sdk@^2.1644.0
20 silly packumentCache full:https://registry.npmjs.org/aws-sdk cache-miss
21 http fetch GET 200 https://registry.npmjs.org/aws-sdk 717ms (cache miss)
22 silly packumentCache full:https://registry.npmjs.org/aws-sdk set size:undefined disposed:false
23 silly fetch manifest cssstyle@^4.0.1
24 silly packumentCache full:https://registry.npmjs.org/cssstyle cache-miss
25 http fetch GET 200 https://registry.npmjs.org/cssstyle 35ms (cache miss)
26 silly packumentCache full:https://registry.npmjs.org/cssstyle set size:undefined disposed:false
27 silly fetch manifest @jridgewell/sourcemap-codec@^1.4.8
28 silly packumentCache full:https://registry.npmjs.org/@jridgewell%2fsourcemap-codec cache-miss
29 http fetch GET 200 https://registry.npmjs.org/@jridgewell%2fsourcemap-codec 63ms (cache miss)
30 silly packumentCache full:https://registry.npmjs.org/@jridgewell%2fsourcemap-codec set size:undefined disposed:false
31 silly fetch manifest @rollup/plugin-terser@^0.4.4
32 silly packumentCache full:https://registry.npmjs.org/@rollup%2fplugin-terser cache-miss
33 http fetch GET 200 https://registry.npmjs.org/@rollup%2fplugin-terser 1569ms (cache miss)
34 silly packumentCache full:https://registry.npmjs.org/@rollup%2fplugin-terser set size:undefined disposed:false
35 silly fetch manifest rollup@^2.0.0||^3.0.0||^4.0.0
36 silly packumentCache full:https://registry.npmjs.org/rollup cache-miss
37 http fetch GET 200 https://registry.npmjs.org/rollup 87ms (cache miss)
38 silly packumentCache full:https://registry.npmjs.org/rollup set size:undefined disposed:false
39 silly fetch manifest @eslint/object-schema@^2.0.3
40 silly packumentCache full:https://registry.npmjs.org/@eslint%2fobject-schema cache-miss
41 http fetch GET 200 https://registry.npmjs.org/@eslint%2fobject-schema 389ms (cache miss)
42 silly packumentCache full:https://registry.npmjs.org/@eslint%2fobject-schema set size:undefined disposed:false
43 silly fetch manifest @eslint/config-array@^0.16.0
44 silly packumentCache full:https://registry.npmjs.org/@eslint%2fconfig-array cache-miss
45 http fetch GET 200 https://registry.npmjs.org/@eslint%2fconfig-array 63ms (cache miss)
46 silly packumentCache full:https://registry.npmjs.org/@eslint%2fconfig-array set size:undefined disposed:false
47 silly fetch manifest @babel/plugin-transform-optional-chaining@^7.21.0
48 silly packumentCache full:https://registry.npmjs.org/@babel%2fplugin-transform-optional-chaining cache-miss
49 http fetch GET 200 https://registry.npmjs.org/@babel%2fplugin-transform-optional-chaining 52ms (cache miss)
50 silly packumentCache full:https://registry.npmjs.org/@babel%2fplugin-transform-optional-chaining set size:undefined disposed:false
51 silly fetch manifest @babel/core@^7.0.0-0
52 silly packumentCache full:https://registry.npmjs.org/@babel%2fcore cache-miss
53 http fetch GET 200 https://registry.npmjs.org/@babel%2fcore 59ms (cache miss)
54 silly packumentCache full:https://registry.npmjs.org/@babel%2fcore set size:undefined disposed:false
55 silly fetch manifest @babel/plugin-transform-numeric-separator@^7.18.6
56 silly packumentCache full:https://registry.npmjs.org/@babel%2fplugin-transform-numeric-separator cache-miss
57 http fetch GET 200 https://registry.npmjs.org/@babel%2fplugin-transform-numeric-separator 1250ms (cache miss)
58 silly packumentCache full:https://registry.npmjs.org/@babel%2fplugin-transform-numeric-separator set size:undefined disposed:false
59 silly fetch manifest @babel/plugin-transform-private-methods@^7.18.6
60 silly packumentCache full:https://registry.npmjs.org/@babel%2fplugin-transform-private-methods cache-miss
61 http fetch GET 200 https://registry.npmjs.org/@babel%2fplugin-transform-private-methods 44ms (cache miss)
62 silly packumentCache full:https://registry.npmjs.org/@babel%2fplugin-transform-private-methods set size:undefined disposed:false
63 silly fetch manifest @babel/plugin-transform-nullish-coalescing-operator@^7.18.6
64 silly packumentCache full:https://registry.npmjs.org/@babel%2fplugin-transform-nullish-coalescing-operator cache-miss
65 http fetch GET 200 https://registry.npmjs.org/@babel%2fplugin-transform-nullish-coalescing-operator 1273ms (cache miss)
66 silly packumentCache full:https://registry.npmjs.org/@babel%2fplugin-transform-nullish-coalescing-operator set size:undefined disposed:false
67 silly fetch manifest @babel/plugin-transform-class-properties@^7.18.6
68 silly packumentCache full:https://registry.npmjs.org/@babel%2fplugin-transform-class-properties cache-miss
69 http fetch GET 200 https://registry.npmjs.org/@babel%2fplugin-transform-class-properties 47ms (cache miss)
70 silly packumentCache full:https://registry.npmjs.org/@babel%2fplugin-transform-class-properties set size:undefined disposed:false
71 silly fetch manifest lru-cache@^1.0.0
72 silly packumentCache full:https://registry.npmjs.org/lru-cache cache-miss
73 http fetch GET 200 https://registry.npmjs.org/lru-cache 626ms (cache miss)
74 silly packumentCache full:https://registry.npmjs.org/lru-cache set size:undefined disposed:false
75 silly fetch manifest glob@^9.0.0
76 silly packumentCache full:https://registry.npmjs.org/glob cache-miss
77 http fetch GET 200 https://registry.npmjs.org/glob 38ms (cache miss)
78 silly packumentCache full:https://registry.npmjs.org/glob set size:undefined disposed:false
79 silly fetch manifest rimraf@^4.0.0
80 silly packumentCache full:https://registry.npmjs.org/rimraf cache-miss
81 http fetch GET 200 https://registry.npmjs.org/rimraf 37ms (cache miss)
82 silly packumentCache full:https://registry.npmjs.org/rimraf set size:undefined disposed:false
83 silly fetch manifest svgo@^2.0.0
84 silly packumentCache full:https://registry.npmjs.org/svgo cache-miss
85 http fetch GET 200 https://registry.npmjs.org/svgo 38ms (cache miss)
86 silly packumentCache full:https://registry.npmjs.org/svgo set size:undefined disposed:false
87 silly fetch manifest @testing-library/dom@^7.0.0
88 silly packumentCache full:https://registry.npmjs.org/@testing-library%2fdom cache-miss
89 http fetch GET 200 https://registry.npmjs.org/@testing-library%2fdom 1626ms (cache miss)
90 silly packumentCache full:https://registry.npmjs.org/@testing-library%2fdom set size:undefined disposed:false
91 silly fetch manifest @babel/preset-env@^7.18.10
92 silly packumentCache full:https://registry.npmjs.org/@babel%2fpreset-env cache-miss
93 http fetch GET 200 https://registry.npmjs.org/@babel%2fpreset-env 59ms (cache miss)
94 silly packumentCache full:https://registry.npmjs.org/@babel%2fpreset-env set size:undefined disposed:false
95 silly fetch manifest @babel/preset-react@^7.18.6
96 silly packumentCache full:https://registry.npmjs.org/@babel%2fpreset-react cache-miss
97 http fetch GET 200 https://registry.npmjs.org/@babel%2fpreset-react 1267ms (cache miss)
98 silly packumentCache full:https://registry.npmjs.org/@babel%2fpreset-react set size:undefined disposed:false
99 silly fetch manifest @testing-library/jest-dom@^6.4.6
100 silly packumentCache full:https://registry.npmjs.org/@testing-library%2fjest-dom cache-miss
101 http fetch GET 200 https://registry.npmjs.org/@testing-library%2fjest-dom 398ms (cache miss)
102 silly packumentCache full:https://registry.npmjs.org/@testing-library%2fjest-dom set size:undefined disposed:false
103 silly fetch manifest @jest/globals@>= 28
104 silly packumentCache full:https://registry.npmjs.org/@jest%2fglobals cache-miss
105 http fetch GET 200 https://registry.npmjs.org/@jest%2fglobals 1642ms (cache miss)
106 silly packumentCache full:https://registry.npmjs.org/@jest%2fglobals set size:undefined disposed:false
107 silly fetch manifest @types/bun@latest
108 silly packumentCache full:https://registry.npmjs.org/@types%2fbun cache-miss
109 http fetch GET 200 https://registry.npmjs.org/@types%2fbun 1258ms (cache miss)
110 silly packumentCache full:https://registry.npmjs.org/@types%2fbun set size:undefined disposed:false
111 silly fetch manifest @types/jest@>= 28
112 silly packumentCache full:https://registry.npmjs.org/@types%2fjest cache-miss
113 http fetch GET 200 https://registry.npmjs.org/@types%2fjest 1254ms (cache miss)
114 silly packumentCache full:https://registry.npmjs.org/@types%2fjest set size:undefined disposed:false
115 silly fetch manifest jest@^28.1.3
116 silly packumentCache full:https://registry.npmjs.org/jest cache-miss
117 http fetch GET 200 https://registry.npmjs.org/jest 42ms (cache miss)
118 silly packumentCache full:https://registry.npmjs.org/jest set size:undefined disposed:false
119 silly fetch manifest node-notifier@^8.0.1 || ^9.0.0 || ^10.0.0
120 silly packumentCache full:https://registry.npmjs.org/node-notifier cache-miss
121 http fetch GET 200 https://registry.npmjs.org/node-notifier 34ms (cache miss)
122 silly packumentCache full:https://registry.npmjs.org/node-notifier set size:undefined disposed:false
123 silly fetch manifest vitest@>= 0.32
124 silly packumentCache full:https://registry.npmjs.org/vitest cache-miss
125 http fetch GET 200 https://registry.npmjs.org/vitest 261ms (cache miss)
126 silly packumentCache full:https://registry.npmjs.org/vitest set size:undefined disposed:false
127 silly fetch manifest @edge-runtime/vm@*
128 silly packumentCache full:https://registry.npmjs.org/@edge-runtime%2fvm cache-miss
129 http fetch GET 200 https://registry.npmjs.org/@edge-runtime%2fvm 1589ms (cache miss)
130 silly packumentCache full:https://registry.npmjs.org/@edge-runtime%2fvm set size:undefined disposed:false
131 silly fetch manifest @types/node@^18.0.0 || >=20.0.0
132 silly packumentCache full:https://registry.npmjs.org/@types%2fnode cache-miss
133 http fetch GET 200 https://registry.npmjs.org/@types%2fnode 163ms (cache miss)
134 silly packumentCache full:https://registry.npmjs.org/@types%2fnode set size:undefined disposed:false
135 silly fetch manifest @vitest/browser@1.6.0
136 silly packumentCache full:https://registry.npmjs.org/@vitest%2fbrowser cache-miss
137 http fetch GET 200 https://registry.npmjs.org/@vitest%2fbrowser 1183ms (cache miss)
138 silly packumentCache full:https://registry.npmjs.org/@vitest%2fbrowser set size:undefined disposed:false
139 silly fetch manifest playwright@*
140 silly packumentCache full:https://registry.npmjs.org/playwright cache-miss
141 http fetch GET 200 https://registry.npmjs.org/playwright 1014ms (cache miss)
142 silly packumentCache full:https://registry.npmjs.org/playwright set size:undefined disposed:false
143 silly fetch manifest webdriverio@*
144 silly packumentCache full:https://registry.npmjs.org/webdriverio cache-miss
145 http fetch GET 200 https://registry.npmjs.org/webdriverio 666ms (cache miss)
146 silly packumentCache full:https://registry.npmjs.org/webdriverio set size:undefined disposed:false
147 silly fetch manifest devtools@^8.14.0
148 silly packumentCache full:https://registry.npmjs.org/devtools cache-miss
149 http fetch GET 200 https://registry.npmjs.org/devtools 292ms (cache miss)
150 silly packumentCache full:https://registry.npmjs.org/devtools set size:undefined disposed:false
151 silly fetch manifest @vitest/ui@1.6.0
152 silly packumentCache full:https://registry.npmjs.org/@vitest%2fui cache-miss
153 http fetch GET 200 https://registry.npmjs.org/@vitest%2fui 1250ms (cache miss)
154 silly packumentCache full:https://registry.npmjs.org/@vitest%2fui set size:undefined disposed:false
155 silly fetch manifest happy-dom@*
156 silly packumentCache full:https://registry.npmjs.org/happy-dom cache-miss
157 http fetch GET 200 https://registry.npmjs.org/happy-dom 661ms (cache miss)
158 silly packumentCache full:https://registry.npmjs.org/happy-dom set size:undefined disposed:false
159 silly fetch manifest jsdom@*
160 silly packumentCache full:https://registry.npmjs.org/jsdom cache-miss
161 http fetch GET 200 https://registry.npmjs.org/jsdom 47ms (cache miss)
162 silly packumentCache full:https://registry.npmjs.org/jsdom set size:undefined disposed:false
163 silly fetch manifest canvas@^2.11.2
164 silly packumentCache full:https://registry.npmjs.org/canvas cache-miss
165 http fetch GET 200 https://registry.npmjs.org/canvas 55ms (cache miss)
166 silly packumentCache full:https://registry.npmjs.org/canvas set size:undefined disposed:false
167 silly fetch manifest @testing-library/react@^16.0.0
168 silly packumentCache full:https://registry.npmjs.org/@testing-library%2freact cache-miss
169 http fetch GET 200 https://registry.npmjs.org/@testing-library%2freact 1214ms (cache miss)
170 silly packumentCache full:https://registry.npmjs.org/@testing-library%2freact set size:undefined disposed:false
171 silly fetch manifest @testing-library/dom@^10.0.0
172 silly packumentCache full:https://registry.npmjs.org/@testing-library%2fdom cache-miss
173 http fetch GET 200 https://registry.npmjs.org/@testing-library%2fdom 7ms (cache hit)
174 silly packumentCache full:https://registry.npmjs.org/@testing-library%2fdom set size:2555328 disposed:false
175 verbose stack Error: unable to resolve dependency tree
175 verbose stack     at #failPeerConflict (/opt/homebrew/lib/node_modules/npm/node_modules/@npmcli/arborist/lib/arborist/build-ideal-tree.js:1360:25)
175 verbose stack     at #loadPeerSet (/opt/homebrew/lib/node_modules/npm/node_modules/@npmcli/arborist/lib/arborist/build-ideal-tree.js:1326:33)
175 verbose stack     at async #buildDepStep (/opt/homebrew/lib/node_modules/npm/node_modules/@npmcli/arborist/lib/arborist/build-ideal-tree.js:901:11)
175 verbose stack     at async Arborist.buildIdealTree (/opt/homebrew/lib/node_modules/npm/node_modules/@npmcli/arborist/lib/arborist/build-ideal-tree.js:181:7)
175 verbose stack     at async Promise.all (index 1)
175 verbose stack     at async Arborist.reify (/opt/homebrew/lib/node_modules/npm/node_modules/@npmcli/arborist/lib/arborist/reify.js:131:5)
175 verbose stack     at async Install.exec (/opt/homebrew/lib/node_modules/npm/lib/commands/install.js:150:5)
175 verbose stack     at async Npm.exec (/opt/homebrew/lib/node_modules/npm/lib/npm.js:207:9)
175 verbose stack     at async module.exports (/opt/homebrew/lib/node_modules/npm/lib/cli/entry.js:74:5)
176 error code ERESOLVE
177 error ERESOLVE unable to resolve dependency tree
178 error
179 error While resolving: your-project-name@1.0.0
179 error Found: @testing-library/dom@7.31.2[2m[22m
179 error [2mnode_modules/@testing-library/dom[22m
179 error   @testing-library/dom@"^7.0.0" from the root project
179 error
179 error Could not resolve dependency:
179 error [95mpeer[39m @testing-library/dom@"^10.0.0" from @testing-library/react@16.0.0[2m[22m
179 error [2mnode_modules/@testing-library/react[22m
179 error   [34mdev[39m @testing-library/react@"^16.0.0" from the root project
179 error
179 error Fix the upstream dependency conflict, or retry
179 error this command with --force or --legacy-peer-deps
179 error to accept an incorrect (and potentially broken) dependency resolution.
180 error
180 error
180 error For a full report see:
180 error /Users/minahpark/Desktop/ozcoding_practice/react-github-actions/.npm-cache/_logs/2024-06-19T17_35_52_837Z-eresolve-report.txt
181 silly unfinished npm timer reify 1718818553084
182 silly unfinished npm timer reify:loadTrees 1718818553114
183 silly unfinished npm timer idealTree:buildDeps 1718818553121
184 silly unfinished npm timer idealTree:#root 1718818553121
185 verbose cwd /Users/minahpark/Desktop/ozcoding_practice/react-github-actions
186 verbose os Darwin 23.3.0
187 verbose node v22.3.0
188 verbose npm  v10.8.1
189 verbose exit 1
190 verbose code 1
191 error A complete log of this run can be found in: /Users/minahpark/Desktop/ozcoding_practice/react-github-actions/.npm-cache/_logs/2024-06-19T17_35_52_837Z-debug-0.log
