0 verbose cli /opt/homebrew/Cellar/node/22.3.0/bin/node /opt/homebrew/bin/npm
1 info using npm@10.8.1
2 info using node@v22.3.0
3 silly config load:file:/opt/homebrew/lib/node_modules/npm/npmrc
4 silly config load:file:/Users/minahpark/Desktop/ozcoding_practice/react-github-actions/.npmrc
5 silly config load:file:/Users/minahpark/.npmrc
6 silly config load:file:/Users/minahpark/Desktop/ozcoding_practice/react-github-actions/npm-global/etc/npmrc
7 verbose title npm install @testing-library/react @testing-library/dom
8 verbose argv "install" "--save-dev" "@testing-library/react" "@testing-library/dom"
9 verbose logfile logs-max:10 dir:/Users/minahpark/Desktop/ozcoding_practice/react-github-actions/.npm-cache/_logs/2024-06-19T17_46_17_377Z-
10 verbose logfile /Users/minahpark/Desktop/ozcoding_practice/react-github-actions/.npm-cache/_logs/2024-06-19T17_46_17_377Z-debug-0.log
11 silly packumentCache heap:2197815296 maxSize:549453824 maxEntrySize:274726912
12 silly logfile done cleaning log files
13 warn idealTree Removing dependencies.@testing-library/dom in favor of devDependencies.@testing-library/dom
14 silly idealTree buildDeps
15 silly fetch manifest @babel/plugin-transform-class-properties@^7.18.6
16 silly packumentCache full:https://registry.npmjs.org/@babel%2fplugin-transform-class-properties cache-miss
17 http fetch GET 200 https://registry.npmjs.org/@babel%2fplugin-transform-class-properties 11ms (cache hit)
18 silly packumentCache full:https://registry.npmjs.org/@babel%2fplugin-transform-class-properties set size:40455 disposed:false
19 silly fetch manifest @babel/core@^7.0.0-0
20 silly packumentCache full:https://registry.npmjs.org/@babel%2fcore cache-miss
21 http fetch GET 200 https://registry.npmjs.org/@babel%2fcore 3ms (cache hit)
22 silly packumentCache full:https://registry.npmjs.org/@babel%2fcore set size:645913 disposed:false
23 silly fetch manifest @babel/plugin-transform-nullish-coalescing-operator@^7.18.6
24 silly packumentCache full:https://registry.npmjs.org/@babel%2fplugin-transform-nullish-coalescing-operator cache-miss
25 http fetch GET 200 https://registry.npmjs.org/@babel%2fplugin-transform-nullish-coalescing-operator 2ms (cache hit)
26 silly packumentCache full:https://registry.npmjs.org/@babel%2fplugin-transform-nullish-coalescing-operator set size:43709 disposed:false
27 silly fetch manifest @babel/plugin-transform-numeric-separator@^7.18.6
28 silly packumentCache full:https://registry.npmjs.org/@babel%2fplugin-transform-numeric-separator cache-miss
29 http fetch GET 200 https://registry.npmjs.org/@babel%2fplugin-transform-numeric-separator 2ms (cache hit)
30 silly packumentCache full:https://registry.npmjs.org/@babel%2fplugin-transform-numeric-separator set size:44179 disposed:false
31 silly fetch manifest @babel/plugin-transform-optional-chaining@^7.21.0
32 silly packumentCache full:https://registry.npmjs.org/@babel%2fplugin-transform-optional-chaining cache-miss
33 http fetch GET 200 https://registry.npmjs.org/@babel%2fplugin-transform-optional-chaining 1ms (cache hit)
34 silly packumentCache full:https://registry.npmjs.org/@babel%2fplugin-transform-optional-chaining set size:58401 disposed:false
35 silly fetch manifest @babel/plugin-transform-private-methods@^7.18.6
36 silly packumentCache full:https://registry.npmjs.org/@babel%2fplugin-transform-private-methods cache-miss
37 http fetch GET 200 https://registry.npmjs.org/@babel%2fplugin-transform-private-methods 2ms (cache hit)
38 silly packumentCache full:https://registry.npmjs.org/@babel%2fplugin-transform-private-methods set size:38911 disposed:false
39 silly fetch manifest @eslint/config-array@^0.16.0
40 silly packumentCache full:https://registry.npmjs.org/@eslint%2fconfig-array cache-miss
41 http fetch GET 200 https://registry.npmjs.org/@eslint%2fconfig-array 2ms (cache hit)
42 silly packumentCache full:https://registry.npmjs.org/@eslint%2fconfig-array set size:22516 disposed:false
43 silly fetch manifest @eslint/object-schema@^2.0.3
44 silly packumentCache full:https://registry.npmjs.org/@eslint%2fobject-schema cache-miss
45 http fetch GET 200 https://registry.npmjs.org/@eslint%2fobject-schema 2ms (cache hit)
46 silly packumentCache full:https://registry.npmjs.org/@eslint%2fobject-schema set size:13026 disposed:false
47 silly fetch manifest @jridgewell/sourcemap-codec@^1.4.8
48 silly packumentCache full:https://registry.npmjs.org/@jridgewell%2fsourcemap-codec cache-miss
49 http fetch GET 200 https://registry.npmjs.org/@jridgewell%2fsourcemap-codec 3ms (cache hit)
50 silly packumentCache full:https://registry.npmjs.org/@jridgewell%2fsourcemap-codec set size:34934 disposed:false
51 silly fetch manifest @rollup/plugin-terser@^0.4.4
52 silly packumentCache full:https://registry.npmjs.org/@rollup%2fplugin-terser cache-miss
53 http fetch GET 200 https://registry.npmjs.org/@rollup%2fplugin-terser 2ms (cache hit)
54 silly packumentCache full:https://registry.npmjs.org/@rollup%2fplugin-terser set size:32893 disposed:false
55 silly fetch manifest rollup@^2.0.0||^3.0.0||^4.0.0
56 silly packumentCache full:https://registry.npmjs.org/rollup cache-miss
57 http fetch GET 200 https://registry.npmjs.org/rollup 9ms (cache hit)
58 silly packumentCache full:https://registry.npmjs.org/rollup set size:5277370 disposed:false
59 silly fetch manifest aws-sdk@^2.1644.0
60 silly packumentCache full:https://registry.npmjs.org/aws-sdk cache-miss
61 http fetch GET 200 https://registry.npmjs.org/aws-sdk 18ms (cache hit)
62 silly packumentCache full:https://registry.npmjs.org/aws-sdk set size:9972459 disposed:false
63 silly fetch manifest cssstyle@^4.0.1
64 silly packumentCache full:https://registry.npmjs.org/cssstyle cache-miss
65 http fetch GET 200 https://registry.npmjs.org/cssstyle 2ms (cache hit)
66 silly packumentCache full:https://registry.npmjs.org/cssstyle set size:103824 disposed:false
67 silly fetch manifest glob@^9.0.0
68 silly packumentCache full:https://registry.npmjs.org/glob cache-miss
69 http fetch GET 200 https://registry.npmjs.org/glob 4ms (cache hit)
70 silly packumentCache full:https://registry.npmjs.org/glob set size:418464 disposed:false
71 silly fetch manifest lru-cache@^1.0.0
72 silly packumentCache full:https://registry.npmjs.org/lru-cache cache-miss
73 http fetch GET 200 https://registry.npmjs.org/lru-cache 4ms (cache hit)
74 silly packumentCache full:https://registry.npmjs.org/lru-cache set size:694258 disposed:false
75 silly fetch manifest rimraf@^4.0.0
76 silly packumentCache full:https://registry.npmjs.org/rimraf cache-miss
77 http fetch GET 200 https://registry.npmjs.org/rimraf 1ms (cache hit)
78 silly packumentCache full:https://registry.npmjs.org/rimraf set size:187451 disposed:false
79 silly fetch manifest svgo@^2.0.0
80 silly packumentCache full:https://registry.npmjs.org/svgo cache-miss
81 http fetch GET 200 https://registry.npmjs.org/svgo 1ms (cache hit)
82 silly packumentCache full:https://registry.npmjs.org/svgo set size:263314 disposed:false
83 silly fetch manifest web-vitals@^2.1.4
84 silly packumentCache full:https://registry.npmjs.org/web-vitals cache-miss
85 http fetch GET 200 https://registry.npmjs.org/web-vitals 4ms (cache hit)
86 silly packumentCache full:https://registry.npmjs.org/web-vitals set size:1905962 disposed:false
87 silly fetch manifest @babel/preset-env@^7.18.10
88 silly packumentCache full:https://registry.npmjs.org/@babel%2fpreset-env cache-miss
89 http fetch GET 200 https://registry.npmjs.org/@babel%2fpreset-env 4ms (cache hit)
90 silly packumentCache full:https://registry.npmjs.org/@babel%2fpreset-env set size:960834 disposed:false
91 silly fetch manifest @babel/preset-react@^7.18.6
92 silly packumentCache full:https://registry.npmjs.org/@babel%2fpreset-react cache-miss
93 http fetch GET 200 https://registry.npmjs.org/@babel%2fpreset-react 2ms (cache hit)
94 silly packumentCache full:https://registry.npmjs.org/@babel%2fpreset-react set size:208395 disposed:false
95 silly fetch manifest @testing-library/jest-dom@^6.4.6
96 silly packumentCache full:https://registry.npmjs.org/@testing-library%2fjest-dom cache-miss
97 http fetch GET 200 https://registry.npmjs.org/@testing-library%2fjest-dom 3ms (cache hit)
98 silly packumentCache full:https://registry.npmjs.org/@testing-library%2fjest-dom set size:420335 disposed:false
99 silly fetch manifest @jest/globals@>= 28
100 silly packumentCache full:https://registry.npmjs.org/@jest%2fglobals cache-miss
101 http fetch GET 200 https://registry.npmjs.org/@jest%2fglobals 1ms (cache hit)
102 silly packumentCache full:https://registry.npmjs.org/@jest%2fglobals set size:288197 disposed:false
103 silly fetch manifest @types/bun@latest
104 silly packumentCache full:https://registry.npmjs.org/@types%2fbun cache-miss
105 http fetch GET 200 https://registry.npmjs.org/@types%2fbun 1ms (cache hit)
106 silly packumentCache full:https://registry.npmjs.org/@types%2fbun set size:35399 disposed:false
107 silly fetch manifest @types/jest@>= 28
108 silly packumentCache full:https://registry.npmjs.org/@types%2fjest cache-miss
109 http fetch GET 200 https://registry.npmjs.org/@types%2fjest 3ms (cache hit)
110 silly packumentCache full:https://registry.npmjs.org/@types%2fjest set size:701405 disposed:false
111 silly fetch manifest jest@^28.1.3
112 silly packumentCache full:https://registry.npmjs.org/jest cache-miss
113 http fetch GET 200 https://registry.npmjs.org/jest 2ms (cache hit)
114 silly packumentCache full:https://registry.npmjs.org/jest set size:846664 disposed:false
115 silly fetch manifest node-notifier@^8.0.1 || ^9.0.0 || ^10.0.0
116 silly packumentCache full:https://registry.npmjs.org/node-notifier cache-miss
117 http fetch GET 200 https://registry.npmjs.org/node-notifier 2ms (cache hit)
118 silly packumentCache full:https://registry.npmjs.org/node-notifier set size:171533 disposed:false
119 silly fetch manifest vitest@>= 0.32
120 silly packumentCache full:https://registry.npmjs.org/vitest cache-miss
121 http fetch GET 200 https://registry.npmjs.org/vitest 3ms (cache hit)
122 silly packumentCache full:https://registry.npmjs.org/vitest set size:1557263 disposed:false
123 silly fetch manifest @edge-runtime/vm@*
124 silly packumentCache full:https://registry.npmjs.org/@edge-runtime%2fvm cache-miss
125 http fetch GET 200 https://registry.npmjs.org/@edge-runtime%2fvm 1ms (cache hit)
126 silly packumentCache full:https://registry.npmjs.org/@edge-runtime%2fvm set size:286310 disposed:false
127 silly fetch manifest @types/node@^18.0.0 || >=20.0.0
128 silly packumentCache full:https://registry.npmjs.org/@types%2fnode cache-miss
129 http fetch GET 200 https://registry.npmjs.org/@types%2fnode 13ms (cache hit)
130 silly packumentCache full:https://registry.npmjs.org/@types%2fnode set size:8800143 disposed:false
131 silly fetch manifest @vitest/browser@1.6.0
132 silly packumentCache full:https://registry.npmjs.org/@vitest%2fbrowser cache-miss
133 http fetch GET 200 https://registry.npmjs.org/@vitest%2fbrowser 10ms (cache hit)
134 silly packumentCache full:https://registry.npmjs.org/@vitest%2fbrowser set size:348144 disposed:false
135 silly fetch manifest playwright@*
136 silly packumentCache full:https://registry.npmjs.org/playwright cache-miss
137 http fetch GET 200 https://registry.npmjs.org/playwright 56ms (cache hit)
138 silly packumentCache full:https://registry.npmjs.org/playwright set size:42081777 disposed:false
139 silly fetch manifest webdriverio@*
140 silly packumentCache full:https://registry.npmjs.org/webdriverio cache-miss
141 http fetch GET 200 https://registry.npmjs.org/webdriverio 6ms (cache hit)
142 silly packumentCache full:https://registry.npmjs.org/webdriverio set size:2911545 disposed:false
143 silly fetch manifest devtools@^8.14.0
144 silly packumentCache full:https://registry.npmjs.org/devtools cache-miss
145 http fetch GET 200 https://registry.npmjs.org/devtools 4ms (cache hit)
146 silly packumentCache full:https://registry.npmjs.org/devtools set size:1562062 disposed:false
147 silly fetch manifest @vitest/ui@1.6.0
148 silly packumentCache full:https://registry.npmjs.org/@vitest%2fui cache-miss
149 http fetch GET 200 https://registry.npmjs.org/@vitest%2fui 2ms (cache hit)
150 silly packumentCache full:https://registry.npmjs.org/@vitest%2fui set size:851013 disposed:false
151 silly fetch manifest happy-dom@*
152 silly packumentCache full:https://registry.npmjs.org/happy-dom cache-miss
153 http fetch GET 200 https://registry.npmjs.org/happy-dom 3ms (cache hit)
154 silly packumentCache full:https://registry.npmjs.org/happy-dom set size:1921084 disposed:false
155 silly fetch manifest jsdom@*
156 silly packumentCache full:https://registry.npmjs.org/jsdom cache-miss
157 http fetch GET 200 https://registry.npmjs.org/jsdom 3ms (cache hit)
158 silly packumentCache full:https://registry.npmjs.org/jsdom set size:972773 disposed:false
159 silly fetch manifest canvas@^2.11.2
160 silly packumentCache full:https://registry.npmjs.org/canvas cache-miss
161 http fetch GET 200 https://registry.npmjs.org/canvas 3ms (cache hit)
162 silly packumentCache full:https://registry.npmjs.org/canvas set size:509116 disposed:false
163 silly fetch manifest @testing-library/react@^12.0.0
164 silly packumentCache full:https://registry.npmjs.org/@testing-library%2freact cache-miss
165 http fetch GET 200 https://registry.npmjs.org/@testing-library%2freact 4ms (cache hit)
166 silly packumentCache full:https://registry.npmjs.org/@testing-library%2freact set size:2122228 disposed:false
167 silly fetch manifest react@^18.3.1
168 silly packumentCache full:https://registry.npmjs.org/react cache-miss
169 http fetch GET 200 https://registry.npmjs.org/react 10ms (cache hit)
170 silly packumentCache full:https://registry.npmjs.org/react set size:6388360 disposed:false
171 silly fetch manifest react@<18.0.0
172 silly packumentCache full:https://registry.npmjs.org/react cache-miss
173 http fetch GET 200 https://registry.npmjs.org/react 8ms (cache hit)
174 silly packumentCache full:https://registry.npmjs.org/react set size:6388360 disposed:false
175 verbose stack Error: unable to resolve dependency tree
175 verbose stack     at #failPeerConflict (/opt/homebrew/lib/node_modules/npm/node_modules/@npmcli/arborist/lib/arborist/build-ideal-tree.js:1360:25)
175 verbose stack     at #loadPeerSet (/opt/homebrew/lib/node_modules/npm/node_modules/@npmcli/arborist/lib/arborist/build-ideal-tree.js:1326:33)
175 verbose stack     at async #buildDepStep (/opt/homebrew/lib/node_modules/npm/node_modules/@npmcli/arborist/lib/arborist/build-ideal-tree.js:901:11)
175 verbose stack     at async Arborist.buildIdealTree (/opt/homebrew/lib/node_modules/npm/node_modules/@npmcli/arborist/lib/arborist/build-ideal-tree.js:181:7)
175 verbose stack     at async Promise.all (index 1)
175 verbose stack     at async Arborist.reify (/opt/homebrew/lib/node_modules/npm/node_modules/@npmcli/arborist/lib/arborist/reify.js:131:5)
175 verbose stack     at async Install.exec (/opt/homebrew/lib/node_modules/npm/lib/commands/install.js:150:5)
175 verbose stack     at async Npm.exec (/opt/homebrew/lib/node_modules/npm/lib/npm.js:207:9)
175 verbose stack     at async module.exports (/opt/homebrew/lib/node_modules/npm/lib/cli/entry.js:74:5)
176 error code ERESOLVE
177 error ERESOLVE unable to resolve dependency tree
178 error
179 error While resolving: your-project-name@1.0.0
179 error Found: react@18.3.1[2m[22m
179 error [2mnode_modules/react[22m
179 error   [34mdev[39m react@"^18.3.1" from the root project
179 error
179 error Could not resolve dependency:
179 error [95mpeer[39m react@"<18.0.0" from @testing-library/react@12.1.5[2m[22m
179 error [2mnode_modules/@testing-library/react[22m
179 error   [34mdev[39m @testing-library/react@"^12.0.0" from the root project
179 error
179 error Fix the upstream dependency conflict, or retry
179 error this command with --force or --legacy-peer-deps
179 error to accept an incorrect (and potentially broken) dependency resolution.
180 error
180 error
180 error For a full report see:
180 error /Users/minahpark/Desktop/ozcoding_practice/react-github-actions/.npm-cache/_logs/2024-06-19T17_46_17_377Z-eresolve-report.txt
181 silly unfinished npm timer reify 1718819177624
182 silly unfinished npm timer reify:loadTrees 1718819177628
183 silly unfinished npm timer idealTree:buildDeps 1718819177637
184 silly unfinished npm timer idealTree:#root 1718819177637
185 verbose cwd /Users/minahpark/Desktop/ozcoding_practice/react-github-actions
186 verbose os Darwin 23.3.0
187 verbose node v22.3.0
188 verbose npm  v10.8.1
189 verbose exit 1
190 verbose code 1
191 error A complete log of this run can be found in: /Users/minahpark/Desktop/ozcoding_practice/react-github-actions/.npm-cache/_logs/2024-06-19T17_46_17_377Z-debug-0.log
