0 verbose cli /opt/homebrew/Cellar/node/22.3.0/bin/node /opt/homebrew/bin/npm
1 info using npm@10.8.1
2 info using node@v22.3.0
3 silly config load:file:/opt/homebrew/lib/node_modules/npm/npmrc
4 silly config load:file:/Users/minahpark/Desktop/ozcoding_practice/react-github-actions/.npmrc
5 silly config load:file:/Users/minahpark/.npmrc
6 silly config load:file:/Users/minahpark/Desktop/ozcoding_practice/react-github-actions/npm-global/etc/npmrc
7 verbose title npm install react-dom@latest react@latest
8 verbose argv "install" "react-dom@latest" "react@latest"
9 verbose logfile logs-max:10 dir:/Users/minahpark/Desktop/ozcoding_practice/react-github-actions/.npm-cache/_logs/2024-06-19T17_42_53_154Z-
10 verbose logfile /Users/minahpark/Desktop/ozcoding_practice/react-github-actions/.npm-cache/_logs/2024-06-19T17_42_53_154Z-debug-0.log
11 silly packumentCache heap:2197815296 maxSize:549453824 maxEntrySize:274726912
12 silly logfile done cleaning log files
13 silly packumentCache corgi:https://registry.npmjs.org/react-dom cache-miss
14 silly packumentCache corgi:https://registry.npmjs.org/react cache-miss
15 http fetch GET 200 https://registry.npmjs.org/react-dom 334ms (cache miss)
16 silly packumentCache corgi:https://registry.npmjs.org/react-dom set size:undefined disposed:false
17 http fetch GET 200 https://registry.npmjs.org/react 342ms (cache miss)
18 silly packumentCache corgi:https://registry.npmjs.org/react set size:undefined disposed:false
19 silly idealTree buildDeps
20 silly fetch manifest react@18.3.1
21 silly packumentCache full:https://registry.npmjs.org/react cache-miss
22 http fetch GET 200 https://registry.npmjs.org/react 43ms (cache revalidated)
23 silly packumentCache full:https://registry.npmjs.org/react set size:6388360 disposed:false
24 silly fetch manifest react-dom@18.3.1
25 silly packumentCache full:https://registry.npmjs.org/react-dom cache-miss
26 http fetch GET 200 https://registry.npmjs.org/react-dom 45ms (cache revalidated)
27 silly packumentCache full:https://registry.npmjs.org/react-dom set size:7299825 disposed:false
28 silly placeDep ROOT react@18.3.1 REPLACE for: your-project-name@1.0.0 want: 18.3.1
29 silly placeDep ROOT react-dom@18.3.1 REPLACE for: your-project-name@1.0.0 want: 18.3.1
30 silly fetch manifest scheduler@^0.23.2
31 silly packumentCache full:https://registry.npmjs.org/scheduler cache-miss
32 http fetch GET 200 https://registry.npmjs.org/scheduler 49ms (cache revalidated)
33 silly packumentCache full:https://registry.npmjs.org/scheduler set size:4611050 disposed:false
34 silly fetch manifest @testing-library/dom@^10.0.0
35 silly packumentCache full:https://registry.npmjs.org/@testing-library%2fdom cache-miss
36 http fetch GET 200 https://registry.npmjs.org/@testing-library%2fdom 899ms (cache revalidated)
37 silly packumentCache full:https://registry.npmjs.org/@testing-library%2fdom set size:2555328 disposed:false
38 verbose stack Error: could not resolve
38 verbose stack     at PlaceDep.failPeerConflict (/opt/homebrew/lib/node_modules/npm/node_modules/@npmcli/arborist/lib/place-dep.js:503:25)
38 verbose stack     at new PlaceDep (/opt/homebrew/lib/node_modules/npm/node_modules/@npmcli/arborist/lib/place-dep.js:157:21)
38 verbose stack     at #buildDepStep (/opt/homebrew/lib/node_modules/npm/node_modules/@npmcli/arborist/lib/arborist/build-ideal-tree.js:917:18)
38 verbose stack     at async Arborist.buildIdealTree (/opt/homebrew/lib/node_modules/npm/node_modules/@npmcli/arborist/lib/arborist/build-ideal-tree.js:181:7)
38 verbose stack     at async Promise.all (index 1)
38 verbose stack     at async Arborist.reify (/opt/homebrew/lib/node_modules/npm/node_modules/@npmcli/arborist/lib/arborist/reify.js:131:5)
38 verbose stack     at async Install.exec (/opt/homebrew/lib/node_modules/npm/lib/commands/install.js:150:5)
38 verbose stack     at async Npm.exec (/opt/homebrew/lib/node_modules/npm/lib/npm.js:207:9)
38 verbose stack     at async module.exports (/opt/homebrew/lib/node_modules/npm/lib/cli/entry.js:74:5)
39 error code ERESOLVE
40 error ERESOLVE could not resolve
41 error
42 error While resolving: @testing-library/react@16.0.0
42 error Found: @testing-library/dom@7.31.2[2m[22m
42 error [2mnode_modules/@testing-library/dom[22m
42 error   @testing-library/dom@"^7.0.0" from the root project
42 error
42 error Could not resolve dependency:
42 error [95mpeer[39m @testing-library/dom@"^10.0.0" from @testing-library/react@16.0.0[2m[22m
42 error [2mnode_modules/@testing-library/react[22m
42 error   [34mdev[39m @testing-library/react@"^16.0.0" from the root project
42 error
42 error Conflicting peer dependency: @testing-library/dom@10.1.0[2m[22m
42 error [2mnode_modules/@testing-library/dom[22m
42 error   [95mpeer[39m @testing-library/dom@"^10.0.0" from @testing-library/react@16.0.0[2m[22m
42 error   [2mnode_modules/@testing-library/react[22m
42 error     [34mdev[39m @testing-library/react@"^16.0.0" from the root project
42 error
42 error Fix the upstream dependency conflict, or retry
42 error this command with --force or --legacy-peer-deps
42 error to accept an incorrect (and potentially broken) dependency resolution.
43 error
43 error
43 error For a full report see:
43 error /Users/minahpark/Desktop/ozcoding_practice/react-github-actions/.npm-cache/_logs/2024-06-19T17_42_53_154Z-eresolve-report.txt
44 silly unfinished npm timer reify 1718818973409
45 silly unfinished npm timer reify:loadTrees 1718818973414
46 silly unfinished npm timer idealTree:buildDeps 1718818974099
47 silly unfinished npm timer idealTree:node_modules/@testing-library/react 1718818974300
48 verbose cwd /Users/minahpark/Desktop/ozcoding_practice/react-github-actions
49 verbose os Darwin 23.3.0
50 verbose node v22.3.0
51 verbose npm  v10.8.1
52 verbose exit 1
53 verbose code 1
54 error A complete log of this run can be found in: /Users/minahpark/Desktop/ozcoding_practice/react-github-actions/.npm-cache/_logs/2024-06-19T17_42_53_154Z-debug-0.log
