0 verbose cli /opt/homebrew/Cellar/node/22.3.0/bin/node /opt/homebrew/bin/npm
1 info using npm@10.8.1
2 info using node@v22.3.0
3 silly config load:file:/opt/homebrew/lib/node_modules/npm/npmrc
4 silly config load:file:/Users/minahpark/Desktop/ozcoding_practice/react-github-actions/.npmrc
5 silly config load:file:/Users/minahpark/.npmrc
6 silly config load:file:/Users/minahpark/Desktop/ozcoding_practice/react-github-actions/npm-global/etc/npmrc
7 verbose title npm install @testing-library/react@12.0.0 @testing-library/dom@7.31.2
8 verbose argv "install" "@testing-library/react@12.0.0" "@testing-library/dom@7.31.2"
9 verbose logfile logs-max:10 dir:/Users/minahpark/Desktop/ozcoding_practice/react-github-actions/.npm-cache/_logs/2024-06-19T17_43_24_297Z-
10 verbose logfile /Users/minahpark/Desktop/ozcoding_practice/react-github-actions/.npm-cache/_logs/2024-06-19T17_43_24_297Z-debug-0.log
11 silly packumentCache heap:2197815296 maxSize:549453824 maxEntrySize:274726912
12 silly logfile done cleaning log files
13 warn idealTree Removing dependencies.@testing-library/react in favor of devDependencies.@testing-library/react
14 silly idealTree buildDeps
15 silly fetch manifest @testing-library/dom@7.31.2
16 silly packumentCache full:https://registry.npmjs.org/@testing-library%2fdom cache-miss
17 http fetch GET 200 https://registry.npmjs.org/@testing-library%2fdom 219ms (cache hit)
18 silly packumentCache full:https://registry.npmjs.org/@testing-library%2fdom set size:2555328 disposed:false
19 silly fetch manifest @testing-library/react@12.0.0
20 silly packumentCache full:https://registry.npmjs.org/@testing-library%2freact cache-miss
21 http fetch GET 200 https://registry.npmjs.org/@testing-library%2freact 142ms (cache revalidated)
22 silly packumentCache full:https://registry.npmjs.org/@testing-library%2freact set size:2122228 disposed:false
23 silly fetch manifest react@^17.0.2
24 silly packumentCache full:https://registry.npmjs.org/react cache-miss
25 http fetch GET 200 https://registry.npmjs.org/react 13ms (cache hit)
26 silly packumentCache full:https://registry.npmjs.org/react set size:6388360 disposed:false
27 silly fetch manifest react-dom@^17.0.2
28 silly packumentCache full:https://registry.npmjs.org/react-dom cache-miss
29 http fetch GET 200 https://registry.npmjs.org/react-dom 12ms (cache hit)
30 silly packumentCache full:https://registry.npmjs.org/react-dom set size:7299825 disposed:false
31 silly placeDep ROOT @testing-library/dom@7.31.2 REPLACE for: your-project-name@1.0.0 want: 7.31.2
32 silly placeDep ROOT @testing-library/react@12.0.0 REPLACE for: your-project-name@1.0.0 want: 12.0.0
33 silly fetch manifest @testing-library/dom@^8.0.0
34 silly packumentCache full:https://registry.npmjs.org/@testing-library%2fdom cache-miss
35 http fetch GET 200 https://registry.npmjs.org/@testing-library%2fdom 5ms (cache hit)
36 silly packumentCache full:https://registry.npmjs.org/@testing-library%2fdom set size:2555328 disposed:false
37 silly placeDep node_modules/@testing-library/react @testing-library/dom@8.20.1 OK for: @testing-library/react@12.0.0 want: ^8.0.0
38 silly fetch manifest @types/aria-query@^5.0.1
39 silly packumentCache full:https://registry.npmjs.org/@types%2faria-query cache-miss
40 silly fetch manifest aria-query@5.1.3
41 silly packumentCache full:https://registry.npmjs.org/aria-query cache-miss
42 silly fetch manifest chalk@^4.1.0
43 silly packumentCache full:https://registry.npmjs.org/chalk cache-miss
44 silly fetch manifest pretty-format@^27.0.2
45 silly packumentCache full:https://registry.npmjs.org/pretty-format cache-miss
46 http fetch GET 200 https://registry.npmjs.org/@types%2faria-query 42ms (cache revalidated)
47 silly packumentCache full:https://registry.npmjs.org/@types%2faria-query set size:21015 disposed:false
48 http fetch GET 200 https://registry.npmjs.org/aria-query 75ms (cache revalidated)
49 silly packumentCache full:https://registry.npmjs.org/aria-query set size:93018 disposed:false
50 http fetch GET 200 https://registry.npmjs.org/chalk 85ms (cache revalidated)
51 silly packumentCache full:https://registry.npmjs.org/chalk set size:141416 disposed:false
52 http fetch GET 200 https://registry.npmjs.org/pretty-format 87ms (cache revalidated)
53 silly packumentCache full:https://registry.npmjs.org/pretty-format set size:1484651 disposed:false
54 silly fetch manifest typescript@^3.2.1 || ^4
55 silly packumentCache full:https://registry.npmjs.org/typescript cache-miss
56 http fetch GET 200 https://registry.npmjs.org/typescript 65ms (cache revalidated)
57 silly packumentCache full:https://registry.npmjs.org/typescript set size:22719194 disposed:false
58 silly placeDep ROOT typescript@4.9.5 REPLACE for: react-scripts@5.0.1 want: ^3.2.1 || ^4
59 silly placeDep node_modules/@testing-library/react @types/aria-query@5.0.4 OK for: @testing-library/dom@8.20.1 want: ^5.0.1
60 silly placeDep node_modules/@testing-library/react aria-query@5.1.3 OK for: @testing-library/dom@8.20.1 want: 5.1.3
61 silly placeDep node_modules/@testing-library/react chalk@4.1.2 OK for: @testing-library/dom@8.20.1 want: ^4.1.0
62 silly placeDep node_modules/@testing-library/react pretty-format@27.5.1 OK for: @testing-library/dom@8.20.1 want: ^27.0.2
63 silly fetch manifest deep-equal@^2.0.5
64 silly packumentCache full:https://registry.npmjs.org/deep-equal cache-miss
65 silly fetch manifest ansi-styles@^4.1.0
66 silly packumentCache full:https://registry.npmjs.org/ansi-styles cache-miss
67 silly fetch manifest supports-color@^7.1.0
68 silly packumentCache full:https://registry.npmjs.org/supports-color cache-miss
69 silly fetch manifest ansi-styles@^5.0.0
70 silly packumentCache full:https://registry.npmjs.org/ansi-styles cache-miss
71 http fetch GET 200 https://registry.npmjs.org/ansi-styles 36ms (cache revalidated)
72 silly packumentCache full:https://registry.npmjs.org/ansi-styles set size:66356 disposed:false
73 http fetch GET 200 https://registry.npmjs.org/supports-color 37ms (cache revalidated)
74 silly packumentCache full:https://registry.npmjs.org/supports-color set size:113904 disposed:false
75 http fetch GET 200 https://registry.npmjs.org/deep-equal 40ms (cache miss)
76 silly packumentCache full:https://registry.npmjs.org/deep-equal set size:undefined disposed:false
77 http fetch GET 200 https://registry.npmjs.org/ansi-styles 41ms (cache revalidated)
78 silly packumentCache full:https://registry.npmjs.org/ansi-styles set size:66356 disposed:false
79 silly packumentCache full:https://registry.npmjs.org/ansi-styles dispose
80 silly placeDep ROOT deep-equal@2.2.3 OK for: aria-query@5.1.3 want: ^2.0.5
81 silly fetch manifest es-get-iterator@^1.1.3
82 silly packumentCache full:https://registry.npmjs.org/es-get-iterator cache-miss
83 silly fetch manifest isarray@^2.0.5
84 silly packumentCache full:https://registry.npmjs.org/isarray cache-miss
85 silly fetch manifest object-is@^1.1.5
86 silly packumentCache full:https://registry.npmjs.org/object-is cache-miss
87 http fetch GET 200 https://registry.npmjs.org/isarray 619ms (cache revalidated)
88 silly packumentCache full:https://registry.npmjs.org/isarray set size:17392 disposed:false
89 http fetch GET 200 https://registry.npmjs.org/object-is 641ms (cache miss)
90 silly packumentCache full:https://registry.npmjs.org/object-is set size:undefined disposed:false
91 http fetch GET 200 https://registry.npmjs.org/es-get-iterator 663ms (cache miss)
92 silly packumentCache full:https://registry.npmjs.org/es-get-iterator set size:undefined disposed:false
93 silly placeDep ROOT es-get-iterator@1.1.3 OK for: deep-equal@2.2.3 want: ^1.1.3
94 silly placeDep node_modules/deep-equal isarray@2.0.5 OK for: deep-equal@2.2.3 want: ^2.0.5
95 silly placeDep ROOT object-is@1.1.6 OK for: deep-equal@2.2.3 want: ^1.1.5
96 silly fetch manifest stop-iteration-iterator@^1.0.0
97 silly packumentCache full:https://registry.npmjs.org/stop-iteration-iterator cache-miss
98 http fetch GET 200 https://registry.npmjs.org/stop-iteration-iterator 649ms (cache miss)
99 silly packumentCache full:https://registry.npmjs.org/stop-iteration-iterator set size:undefined disposed:false
100 silly placeDep node_modules/es-get-iterator isarray@2.0.5 OK for: es-get-iterator@1.1.3 want: ^2.0.5
101 silly placeDep ROOT stop-iteration-iterator@1.0.0 OK for: es-get-iterator@1.1.3 want: ^1.0.0
102 silly placeDep node_modules/@testing-library/react ansi-styles@4.3.0 OK for: chalk@4.1.2 want: ^4.1.0
103 silly placeDep node_modules/@testing-library/react supports-color@7.2.0 OK for: chalk@4.1.2 want: ^7.1.0
104 silly fetch manifest color-convert@^2.0.1
105 silly packumentCache full:https://registry.npmjs.org/color-convert cache-miss
106 silly fetch manifest has-flag@^4.0.0
107 silly packumentCache full:https://registry.npmjs.org/has-flag cache-miss
108 http fetch GET 200 https://registry.npmjs.org/has-flag 39ms (cache revalidated)
109 silly packumentCache full:https://registry.npmjs.org/has-flag set size:15180 disposed:false
110 http fetch GET 200 https://registry.npmjs.org/color-convert 43ms (cache revalidated)
111 silly packumentCache full:https://registry.npmjs.org/color-convert set size:61781 disposed:false
112 silly placeDep node_modules/@testing-library/react color-convert@2.0.1 OK for: ansi-styles@4.3.0 want: ^2.0.1
113 silly fetch manifest color-name@~1.1.4
114 silly packumentCache full:https://registry.npmjs.org/color-name cache-miss
115 http fetch GET 200 https://registry.npmjs.org/color-name 33ms (cache revalidated)
116 silly packumentCache full:https://registry.npmjs.org/color-name set size:16325 disposed:false
117 silly placeDep node_modules/@testing-library/react color-name@1.1.4 OK for: color-convert@2.0.1 want: ~1.1.4
118 silly placeDep node_modules/@testing-library/react/node_modules/pretty-format ansi-styles@5.2.0 OK for: pretty-format@27.5.1 want: ^5.0.0
119 silly placeDep node_modules/@testing-library/react has-flag@4.0.0 OK for: supports-color@7.2.0 want: ^4.0.0
120 silly reify mark retired [
120 silly reify   '/Users/minahpark/Desktop/ozcoding_practice/react-github-actions/node_modules/@testing-library/react'
120 silly reify ]
121 silly reify mark retired [
121 silly reify   '/Users/minahpark/Desktop/ozcoding_practice/react-github-actions/node_modules/typescript',
121 silly reify   '/Users/minahpark/Desktop/ozcoding_practice/react-github-actions/node_modules/.bin/tsc',
121 silly reify   '/Users/minahpark/Desktop/ozcoding_practice/react-github-actions/node_modules/.bin/tsserver'
121 silly reify ]
122 silly reify moves {
122 silly reify   '/Users/minahpark/Desktop/ozcoding_practice/react-github-actions/node_modules/@testing-library/react': '/Users/minahpark/Desktop/ozcoding_practice/react-github-actions/node_modules/@testing-library/.react-NuRGZi7Z',
122 silly reify   '/Users/minahpark/Desktop/ozcoding_practice/react-github-actions/node_modules/typescript': '/Users/minahpark/Desktop/ozcoding_practice/react-github-actions/node_modules/.typescript-0iummkss',
122 silly reify   '/Users/minahpark/Desktop/ozcoding_practice/react-github-actions/node_modules/.bin/tsc': '/Users/minahpark/Desktop/ozcoding_practice/react-github-actions/node_modules/.bin/.tsc-XYuyhupK',
122 silly reify   '/Users/minahpark/Desktop/ozcoding_practice/react-github-actions/node_modules/.bin/tsserver': '/Users/minahpark/Desktop/ozcoding_practice/react-github-actions/node_modules/.bin/.tsserver-dl08QRLr'
122 silly reify }
123 silly audit bulk request {
123 silly audit   '@adobe/css-tools': [ '4.4.0' ],
123 silly audit   '@alloc/quick-lru': [ '5.2.0' ],
123 silly audit   '@ampproject/remapping': [ '2.3.0' ],
123 silly audit   '@babel/code-frame': [ '7.24.7' ],
123 silly audit   '@babel/compat-data': [ '7.24.7' ],
123 silly audit   '@babel/core': [ '7.24.7' ],
123 silly audit   '@babel/eslint-parser': [ '7.24.7' ],
123 silly audit   'eslint-visitor-keys': [ '2.1.0', '3.4.3' ],
123 silly audit   '@babel/generator': [ '7.24.7' ],
123 silly audit   '@babel/helper-annotate-as-pure': [ '7.24.7' ],
123 silly audit   '@babel/helper-builder-binary-assignment-operator-visitor': [ '7.24.7' ],
123 silly audit   '@babel/helper-compilation-targets': [ '7.24.7' ],
123 silly audit   'lru-cache': [ '5.1.1', '1.1.1', '10.2.2' ],
123 silly audit   '@babel/helper-create-class-features-plugin': [ '7.24.7' ],
123 silly audit   '@babel/helper-create-regexp-features-plugin': [ '7.24.7' ],
123 silly audit   '@babel/helper-define-polyfill-provider': [ '0.6.2' ],
123 silly audit   '@babel/helper-environment-visitor': [ '7.24.7' ],
123 silly audit   '@babel/helper-function-name': [ '7.24.7' ],
123 silly audit   '@babel/helper-hoist-variables': [ '7.24.7' ],
123 silly audit   '@babel/helper-member-expression-to-functions': [ '7.24.7' ],
123 silly audit   '@babel/helper-module-imports': [ '7.24.7' ],
123 silly audit   '@babel/helper-module-transforms': [ '7.24.7' ],
123 silly audit   '@babel/helper-optimise-call-expression': [ '7.24.7' ],
123 silly audit   '@babel/helper-plugin-utils': [ '7.24.7' ],
123 silly audit   '@babel/helper-remap-async-to-generator': [ '7.24.7' ],
123 silly audit   '@babel/helper-replace-supers': [ '7.24.7' ],
123 silly audit   '@babel/helper-simple-access': [ '7.24.7' ],
123 silly audit   '@babel/helper-skip-transparent-expression-wrappers': [ '7.24.7' ],
123 silly audit   '@babel/helper-split-export-declaration': [ '7.24.7' ],
123 silly audit   '@babel/helper-string-parser': [ '7.24.7' ],
123 silly audit   '@babel/helper-validator-identifier': [ '7.24.7' ],
123 silly audit   '@babel/helper-validator-option': [ '7.24.7' ],
123 silly audit   '@babel/helper-wrap-function': [ '7.24.7' ],
123 silly audit   '@babel/helpers': [ '7.24.7' ],
123 silly audit   '@babel/highlight': [ '7.24.7' ],
123 silly audit   '@babel/parser': [ '7.24.7' ],
123 silly audit   '@babel/plugin-bugfix-firefox-class-in-computed-class-key': [ '7.24.7' ],
123 silly audit   '@babel/plugin-bugfix-safari-id-destructuring-collision-in-function-expression': [ '7.24.7' ],
123 silly audit   '@babel/plugin-bugfix-v8-spread-parameters-in-optional-chaining': [ '7.24.7' ],
123 silly audit   '@babel/plugin-bugfix-v8-static-class-fields-redefine-readonly': [ '7.24.7' ],
123 silly audit   '@babel/plugin-proposal-class-properties': [ '7.18.6' ],
123 silly audit   '@babel/plugin-proposal-decorators': [ '7.24.7' ],
123 silly audit   '@babel/plugin-proposal-nullish-coalescing-operator': [ '7.18.6' ],
123 silly audit   '@babel/plugin-proposal-numeric-separator': [ '7.18.6' ],
123 silly audit   '@babel/plugin-proposal-optional-chaining': [ '7.21.0' ],
123 silly audit   '@babel/plugin-proposal-private-methods': [ '7.18.6' ],
123 silly audit   '@babel/plugin-proposal-private-property-in-object': [ '7.21.0-placeholder-for-preset-env.2' ],
123 silly audit   '@babel/plugin-syntax-async-generators': [ '7.8.4' ],
123 silly audit   '@babel/plugin-syntax-bigint': [ '7.8.3' ],
123 silly audit   '@babel/plugin-syntax-class-properties': [ '7.12.13' ],
123 silly audit   '@babel/plugin-syntax-class-static-block': [ '7.14.5' ],
123 silly audit   '@babel/plugin-syntax-decorators': [ '7.24.7' ],
123 silly audit   '@babel/plugin-syntax-dynamic-import': [ '7.8.3' ],
123 silly audit   '@babel/plugin-syntax-export-namespace-from': [ '7.8.3' ],
123 silly audit   '@babel/plugin-syntax-flow': [ '7.24.7' ],
123 silly audit   '@babel/plugin-syntax-import-assertions': [ '7.24.7' ],
123 silly audit   '@babel/plugin-syntax-import-attributes': [ '7.24.7' ],
123 silly audit   '@babel/plugin-syntax-import-meta': [ '7.10.4' ],
123 silly audit   '@babel/plugin-syntax-json-strings': [ '7.8.3' ],
123 silly audit   '@babel/plugin-syntax-jsx': [ '7.24.7' ],
123 silly audit   '@babel/plugin-syntax-logical-assignment-operators': [ '7.10.4' ],
123 silly audit   '@babel/plugin-syntax-nullish-coalescing-operator': [ '7.8.3' ],
123 silly audit   '@babel/plugin-syntax-numeric-separator': [ '7.10.4' ],
123 silly audit   '@babel/plugin-syntax-object-rest-spread': [ '7.8.3' ],
123 silly audit   '@babel/plugin-syntax-optional-catch-binding': [ '7.8.3' ],
123 silly audit   '@babel/plugin-syntax-optional-chaining': [ '7.8.3' ],
123 silly audit   '@babel/plugin-syntax-private-property-in-object': [ '7.14.5' ],
123 silly audit   '@babel/plugin-syntax-top-level-await': [ '7.14.5' ],
123 silly audit   '@babel/plugin-syntax-typescript': [ '7.24.7' ],
123 silly audit   '@babel/plugin-syntax-unicode-sets-regex': [ '7.18.6' ],
123 silly audit   '@babel/plugin-transform-arrow-functions': [ '7.24.7' ],
123 silly audit   '@babel/plugin-transform-async-generator-functions': [ '7.24.7' ],
123 silly audit   '@babel/plugin-transform-async-to-generator': [ '7.24.7' ],
123 silly audit   '@babel/plugin-transform-block-scoped-functions': [ '7.24.7' ],
123 silly audit   '@babel/plugin-transform-block-scoping': [ '7.24.7' ],
123 silly audit   '@babel/plugin-transform-class-properties': [ '7.24.7' ],
123 silly audit   '@babel/plugin-transform-class-static-block': [ '7.24.7' ],
123 silly audit   '@babel/plugin-transform-classes': [ '7.24.7' ],
123 silly audit   '@babel/plugin-transform-computed-properties': [ '7.24.7' ],
123 silly audit   '@babel/plugin-transform-destructuring': [ '7.24.7' ],
123 silly audit   '@babel/plugin-transform-dotall-regex': [ '7.24.7' ],
123 silly audit   '@babel/plugin-transform-duplicate-keys': [ '7.24.7' ],
123 silly audit   '@babel/plugin-transform-dynamic-import': [ '7.24.7' ],
123 silly audit   '@babel/plugin-transform-exponentiation-operator': [ '7.24.7' ],
123 silly audit   '@babel/plugin-transform-export-namespace-from': [ '7.24.7' ],
123 silly audit   '@babel/plugin-transform-flow-strip-types': [ '7.24.7' ],
123 silly audit   '@babel/plugin-transform-for-of': [ '7.24.7' ],
123 silly audit   '@babel/plugin-transform-function-name': [ '7.24.7' ],
123 silly audit   '@babel/plugin-transform-json-strings': [ '7.24.7' ],
123 silly audit   '@babel/plugin-transform-literals': [ '7.24.7' ],
123 silly audit   '@babel/plugin-transform-logical-assignment-operators': [ '7.24.7' ],
123 silly audit   '@babel/plugin-transform-member-expression-literals': [ '7.24.7' ],
123 silly audit   '@babel/plugin-transform-modules-amd': [ '7.24.7' ],
123 silly audit   '@babel/plugin-transform-modules-commonjs': [ '7.24.7' ],
123 silly audit   '@babel/plugin-transform-modules-systemjs': [ '7.24.7' ],
123 silly audit   '@babel/plugin-transform-modules-umd': [ '7.24.7' ],
123 silly audit   '@babel/plugin-transform-named-capturing-groups-regex': [ '7.24.7' ],
123 silly audit   '@babel/plugin-transform-new-target': [ '7.24.7' ],
123 silly audit   '@babel/plugin-transform-nullish-coalescing-operator': [ '7.24.7' ],
123 silly audit   '@babel/plugin-transform-numeric-separator': [ '7.24.7' ],
123 silly audit   '@babel/plugin-transform-object-rest-spread': [ '7.24.7' ],
123 silly audit   '@babel/plugin-transform-object-super': [ '7.24.7' ],
123 silly audit   '@babel/plugin-transform-optional-catch-binding': [ '7.24.7' ],
123 silly audit   '@babel/plugin-transform-optional-chaining': [ '7.24.7' ],
123 silly audit   '@babel/plugin-transform-parameters': [ '7.24.7' ],
123 silly audit   '@babel/plugin-transform-private-methods': [ '7.24.7' ],
123 silly audit   '@babel/plugin-transform-private-property-in-object': [ '7.24.7' ],
123 silly audit   '@babel/plugin-transform-property-literals': [ '7.24.7' ],
123 silly audit   '@babel/plugin-transform-react-constant-elements': [ '7.24.7' ],
123 silly audit   '@babel/plugin-transform-react-display-name': [ '7.24.7' ],
123 silly audit   '@babel/plugin-transform-react-jsx': [ '7.24.7' ],
123 silly audit   '@babel/plugin-transform-react-jsx-development': [ '7.24.7' ],
123 silly audit   '@babel/plugin-transform-react-pure-annotations': [ '7.24.7' ],
123 silly audit   '@babel/plugin-transform-regenerator': [ '7.24.7' ],
123 silly audit   '@babel/plugin-transform-reserved-words': [ '7.24.7' ],
123 silly audit   '@babel/plugin-transform-runtime': [ '7.24.7' ],
123 silly audit   '@babel/plugin-transform-shorthand-properties': [ '7.24.7' ],
123 silly audit   '@babel/plugin-transform-spread': [ '7.24.7' ],
123 silly audit   '@babel/plugin-transform-sticky-regex': [ '7.24.7' ],
123 silly audit   '@babel/plugin-transform-template-literals': [ '7.24.7' ],
123 silly audit   '@babel/plugin-transform-typeof-symbol': [ '7.24.7' ],
123 silly audit   '@babel/plugin-transform-typescript': [ '7.24.7' ],
123 silly audit   '@babel/plugin-transform-unicode-escapes': [ '7.24.7' ],
123 silly audit   '@babel/plugin-transform-unicode-property-regex': [ '7.24.7' ],
123 silly audit   '@babel/plugin-transform-unicode-regex': [ '7.24.7' ],
123 silly audit   '@babel/plugin-transform-unicode-sets-regex': [ '7.24.7' ],
123 silly audit   '@babel/preset-env': [ '7.24.7' ],
123 silly audit   '@babel/preset-modules': [ '0.1.6-no-external-plugins' ],
123 silly audit   '@babel/preset-react': [ '7.24.7' ],
123 silly audit   '@babel/preset-typescript': [ '7.24.7' ],
123 silly audit   '@babel/regjsgen': [ '0.8.0' ],
123 silly audit   '@babel/runtime': [ '7.24.7' ],
123 silly audit   '@babel/runtime-corejs3': [ '7.24.7' ],
123 silly audit   '@babel/template': [ '7.24.7' ],
123 silly audit   '@babel/traverse': [ '7.24.7' ],
123 silly audit   '@babel/types': [ '7.24.7' ],
123 silly audit   '@bcoe/v8-coverage': [ '0.2.3' ],
123 silly audit   '@csstools/normalize.css': [ '12.1.1' ],
123 silly audit   '@csstools/postcss-cascade-layers': [ '1.1.1' ],
123 silly audit   '@csstools/postcss-color-function': [ '1.1.1' ],
123 silly audit   '@csstools/postcss-font-format-keywords': [ '1.0.1' ],
123 silly audit   '@csstools/postcss-hwb-function': [ '1.0.2' ],
123 silly audit   '@csstools/postcss-ic-unit': [ '1.0.1' ],
123 silly audit   '@csstools/postcss-is-pseudo-class': [ '2.0.7' ],
123 silly audit   '@csstools/postcss-nested-calc': [ '1.0.0' ],
123 silly audit   '@csstools/postcss-normalize-display-values': [ '1.0.1' ],
123 silly audit   '@csstools/postcss-oklab-function': [ '1.1.1' ],
123 silly audit   '@csstools/postcss-progressive-custom-properties': [ '1.3.0' ],
123 silly audit   '@csstools/postcss-stepped-value-functions': [ '1.0.1' ],
123 silly audit   '@csstools/postcss-text-decoration-shorthand': [ '1.0.0' ],
123 silly audit   '@csstools/postcss-trigonometric-functions': [ '1.0.2' ],
123 silly audit   '@csstools/postcss-unset-value': [ '1.0.2' ],
123 silly audit   '@csstools/selector-specificity': [ '2.2.0' ],
123 silly audit   '@eslint-community/eslint-utils': [ '4.4.0' ],
123 silly audit   '@eslint-community/regexpp': [ '4.10.1' ],
123 silly audit   '@eslint/config-array': [ '0.16.0' ],
123 silly audit   '@eslint/eslintrc': [ '2.1.4' ],
123 silly audit   argparse: [ '2.0.1', '1.0.10' ],
123 silly audit   globals: [ '13.24.0', '11.12.0' ],
123 silly audit   'js-yaml': [ '4.1.0', '3.14.1' ],
123 silly audit   'type-fest': [ '0.20.2', '0.16.0', '0.21.3' ],
123 silly audit   '@eslint/js': [ '8.57.0' ],
123 silly audit   '@eslint/object-schema': [ '2.1.4' ],
123 silly audit   '@humanwhocodes/config-array': [ '0.11.14' ],
123 silly audit   '@humanwhocodes/module-importer': [ '1.0.1' ],
123 silly audit   '@humanwhocodes/object-schema': [ '2.0.3' ],
123 silly audit   '@isaacs/cliui': [ '8.0.2' ],
123 silly audit   'ansi-regex': [ '6.0.1', '5.0.1' ],
123 silly audit   'ansi-styles': [ '6.2.1', '4.3.0', '5.2.0', '3.2.1' ],
123 silly audit   'string-width': [ '5.1.2', '4.2.3' ],
123 silly audit   'strip-ansi': [ '7.1.0', '6.0.1' ],
123 silly audit   'wrap-ansi': [ '8.1.0', '7.0.0' ],
123 silly audit   '@istanbuljs/load-nyc-config': [ '1.1.0' ],
123 silly audit   '@istanbuljs/schema': [ '0.1.3' ],
123 silly audit   '@jest/console': [ '28.1.3', '27.5.1' ],
123 silly audit   '@jest/schemas': [ '28.1.3', '29.6.3' ],
123 silly audit   '@jest/types': [ '28.1.3', '29.6.3', '27.5.1', '26.6.2' ],
123 silly audit   '@sinclair/typebox': [ '0.24.51', '0.27.8' ],
123 silly audit   chalk: [ '4.1.2', '3.0.0', '2.4.2' ],
123 silly audit   'color-convert': [ '2.0.1', '1.9.3' ],
123 silly audit   'color-name': [ '1.1.4', '1.1.3' ],
123 silly audit   'has-flag': [ '4.0.0', '3.0.0' ],
123 silly audit   'jest-util': [ '28.1.3', '27.5.1', '29.7.0' ],
123 silly audit   'supports-color': [ '7.2.0', '8.1.1', '5.5.0' ],
123 silly audit   '@jest/core': [ '28.1.3', '27.5.1' ],
123 silly audit   '@jest/transform': [ '28.1.3', '29.7.0', '27.5.1' ],
123 silly audit   'convert-source-map': [ '1.9.0', '2.0.0' ],
123 silly audit   glob: [ '7.2.3', '9.3.5', '10.4.2' ],
123 silly audit   'jest-haste-map': [ '28.1.3', '29.7.0', '27.5.1' ],
123 silly audit   'jest-regex-util': [ '28.0.2', '27.5.1', '29.6.3' ],
123 silly audit   'pretty-format': [ '28.1.3', '27.5.1', '26.6.2' ],
123 silly audit   'react-is': [ '18.3.1', '16.13.1', '17.0.2' ],
123 silly audit   rimraf: [ '3.0.2', '4.4.1' ],
123 silly audit   '@jest/environment': [ '28.1.3', '27.5.1' ],
123 silly audit   '@jest/expect': [ '28.1.3' ],
123 silly audit   '@jest/expect-utils': [ '28.1.3' ],
123 silly audit   '@jest/fake-timers': [ '28.1.3', '27.5.1' ],
123 silly audit   '@jest/globals': [ '28.1.3', '27.5.1' ],
123 silly audit   '@jest/reporters': [ '28.1.3', '27.5.1' ],
123 silly audit   '@jest/source-map': [ '28.1.2', '27.5.1' ],
123 silly audit   '@jest/test-result': [ '28.1.3', '27.5.1' ],
123 silly audit   '@jest/test-sequencer': [ '28.1.3', '27.5.1' ],
123 silly audit   '@jridgewell/gen-mapping': [ '0.3.5' ],
123 silly audit   '@jridgewell/resolve-uri': [ '3.1.2' ],
123 silly audit   '@jridgewell/set-array': [ '1.2.1' ],
123 silly audit   '@jridgewell/source-map': [ '0.3.6' ],
123 silly audit   '@jridgewell/sourcemap-codec': [ '1.4.15' ],
123 silly audit   '@jridgewell/trace-mapping': [ '0.3.25' ],
123 silly audit   '@leichtgewicht/ip-codec': [ '2.0.5' ],
123 silly audit   '@nicolo-ribaudo/eslint-scope-5-internals': [ '5.1.1-v1' ],
123 silly audit   'eslint-scope': [ '5.1.1', '7.2.2' ],
123 silly audit   estraverse: [ '4.3.0', '5.3.0' ],
123 silly audit   '@nodelib/fs.scandir': [ '2.1.5' ],
123 silly audit   '@nodelib/fs.stat': [ '2.0.5' ],
123 silly audit   '@nodelib/fs.walk': [ '1.2.8' ],
123 silly audit   '@pkgjs/parseargs': [ '0.11.0' ],
123 silly audit   '@pmmmwh/react-refresh-webpack-plugin': [ '0.5.15' ],
123 silly audit   'source-map': [ '0.7.4', '0.6.1', '0.8.0-beta.0' ],
123 silly audit   '@rollup/plugin-babel': [ '5.3.1' ],
123 silly audit   '@rollup/plugin-node-resolve': [ '11.2.1' ],
123 silly audit   '@rollup/plugin-replace': [ '2.4.2' ],
123 silly audit   '@rollup/plugin-terser': [ '0.4.4' ],
123 silly audit   '@rollup/pluginutils': [ '3.1.0' ],
123 silly audit   '@types/estree': [ '0.0.39', '1.0.5' ],
123 silly audit   '@rushstack/eslint-patch': [ '1.10.3' ],
123 silly audit   '@sinonjs/commons': [ '1.8.6' ],
123 silly audit   '@sinonjs/fake-timers': [ '9.1.2', '8.1.0' ],
123 silly audit   '@surma/rollup-plugin-off-main-thread': [ '2.2.3' ],
123 silly audit   '@svgr/babel-plugin-add-jsx-attribute': [ '5.4.0' ],
123 silly audit   '@svgr/babel-plugin-remove-jsx-attribute': [ '5.4.0' ],
123 silly audit   '@svgr/babel-plugin-remove-jsx-empty-expression': [ '5.0.1' ],
123 silly audit   '@svgr/babel-plugin-replace-jsx-attribute-value': [ '5.0.1' ],
123 silly audit   '@svgr/babel-plugin-svg-dynamic-title': [ '5.4.0' ],
123 silly audit   '@svgr/babel-plugin-svg-em-dimensions': [ '5.4.0' ],
123 silly audit   '@svgr/babel-plugin-transform-react-native-svg': [ '5.4.0' ],
123 silly audit   '@svgr/babel-plugin-transform-svg-component': [ '5.5.0' ],
123 silly audit   '@svgr/babel-preset': [ '5.5.0' ],
123 silly audit   '@svgr/core': [ '5.5.0' ],
123 silly audit   camelcase: [ '6.3.0', '5.3.1' ],
123 silly audit   '@svgr/hast-util-to-babel-ast': [ '5.5.0' ],
123 silly audit   '@svgr/plugin-jsx': [ '5.5.0' ],
123 silly audit   '@svgr/plugin-svgo': [ '5.5.0' ],
123 silly audit   'css-select': [ '2.1.0', '4.3.0' ],
123 silly audit   'css-tree': [ '1.0.0-alpha.37', '1.1.3' ],
123 silly audit   'css-what': [ '3.4.2', '6.1.0' ],
123 silly audit   'dom-serializer': [ '0.2.2', '1.4.1' ],
123 silly audit   domutils: [ '1.7.0', '2.8.0' ],
123 silly audit   domelementtype: [ '1.3.1', '2.3.0' ],
123 silly audit   'mdn-data': [ '2.0.4', '2.0.14' ],
123 silly audit   'nth-check': [ '1.0.2', '2.1.1' ],
123 silly audit   sax: [ '1.2.4', '1.2.1' ],
123 silly audit   svgo: [ '1.3.2', '2.8.0' ],
123 silly audit   '@svgr/webpack': [ '5.5.0' ],
123 silly audit   '@testing-library/jest-dom': [ '6.4.6' ],
123 silly audit   'aria-query': [ '5.3.0', '4.2.2', '5.1.3' ],
123 silly audit   'dom-accessibility-api': [ '0.6.3', '0.5.16' ],
123 silly audit   '@tootallnate/once': [ '2.0.0', '1.1.2' ],
123 silly audit   '@trysound/sax': [ '0.2.0' ],
123 silly audit   '@types/aria-query': [ '4.2.2', '5.0.4' ],
123 silly audit   '@types/babel__core': [ '7.20.5' ],
123 silly audit   '@types/babel__generator': [ '7.6.8' ],
123 silly audit   '@types/babel__template': [ '7.4.4' ],
123 silly audit   '@types/babel__traverse': [ '7.20.6' ],
123 silly audit   '@types/body-parser': [ '1.19.5' ],
123 silly audit   '@types/bonjour': [ '3.5.13' ],
123 silly audit   '@types/connect': [ '3.4.38' ],
123 silly audit   '@types/connect-history-api-fallback': [ '1.5.4' ],
123 silly audit   '@types/eslint': [ '8.56.10' ],
123 silly audit   '@types/eslint-scope': [ '3.7.7' ],
123 silly audit   '@types/express': [ '4.17.21' ],
123 silly audit   '@types/express-serve-static-core': [ '4.19.4' ],
123 silly audit   '@types/graceful-fs': [ '4.1.9' ],
123 silly audit   '@types/html-minifier-terser': [ '6.1.0' ],
123 silly audit   '@types/http-errors': [ '2.0.4' ],
123 silly audit   '@types/http-proxy': [ '1.17.14' ],
123 silly audit   '@types/istanbul-lib-coverage': [ '2.0.6' ],
123 silly audit   '@types/istanbul-lib-report': [ '3.0.3' ],
123 silly audit   '@types/istanbul-reports': [ '3.0.4' ],
123 silly audit   '@types/jsdom': [ '16.2.15' ],
123 silly audit   '@types/json-schema': [ '7.0.15' ],
123 silly audit   '@types/json5': [ '0.0.29' ],
123 silly audit   '@types/mime': [ '1.3.5' ],
123 silly audit   '@types/node': [ '20.14.6' ],
123 silly audit   '@types/node-forge': [ '1.3.11' ],
123 silly audit   '@types/parse-json': [ '4.0.2' ],
123 silly audit   '@types/parse5': [ '6.0.3' ],
123 silly audit   '@types/prettier': [ '2.7.3' ],
123 silly audit   '@types/q': [ '1.5.8' ],
123 silly audit   '@types/qs': [ '6.9.15' ],
123 silly audit   '@types/range-parser': [ '1.2.7' ],
123 silly audit   '@types/resolve': [ '1.17.1' ],
123 silly audit   '@types/retry': [ '0.12.0' ],
123 silly audit   '@types/semver': [ '7.5.8' ],
123 silly audit   '@types/send': [ '0.17.4' ],
123 silly audit   '@types/serve-index': [ '1.9.4' ],
123 silly audit   '@types/serve-static': [ '1.15.7' ],
123 silly audit   '@types/sockjs': [ '0.3.36' ],
123 silly audit   '@types/stack-utils': [ '2.0.3' ],
123 silly audit   '@types/tough-cookie': [ '4.0.5' ],
123 silly audit   '@types/trusted-types': [ '2.0.7' ],
123 silly audit   '@types/ws': [ '8.5.10' ],
123 silly audit   '@types/yargs': [ '17.0.32', '16.0.9', '15.0.19' ],
123 silly audit   '@types/yargs-parser': [ '21.0.3' ],
123 silly audit   '@typescript-eslint/eslint-plugin': [ '5.62.0' ],
123 silly audit   semver: [ '7.6.2', '6.3.1' ],
123 silly audit   '@typescript-eslint/experimental-utils': [ '5.62.0' ],
123 silly audit   '@typescript-eslint/parser': [ '5.62.0' ],
123 silly audit   '@typescript-eslint/scope-manager': [ '5.62.0' ],
123 silly audit   '@typescript-eslint/type-utils': [ '5.62.0' ],
123 silly audit   '@typescript-eslint/types': [ '5.62.0' ],
123 silly audit   '@typescript-eslint/typescript-estree': [ '5.62.0' ],
123 silly audit   '@typescript-eslint/utils': [ '5.62.0' ],
123 silly audit   '@typescript-eslint/visitor-keys': [ '5.62.0' ],
123 silly audit   '@ungap/structured-clone': [ '1.2.0' ],
123 silly audit   '@webassemblyjs/ast': [ '1.12.1' ],
123 silly audit   '@webassemblyjs/floating-point-hex-parser': [ '1.11.6' ],
123 silly audit   '@webassemblyjs/helper-api-error': [ '1.11.6' ],
123 silly audit   '@webassemblyjs/helper-buffer': [ '1.12.1' ],
123 silly audit   '@webassemblyjs/helper-numbers': [ '1.11.6' ],
123 silly audit   '@webassemblyjs/helper-wasm-bytecode': [ '1.11.6' ],
123 silly audit   '@webassemblyjs/helper-wasm-section': [ '1.12.1' ],
123 silly audit   '@webassemblyjs/ieee754': [ '1.11.6' ],
123 silly audit   '@webassemblyjs/leb128': [ '1.11.6' ],
123 silly audit   '@webassemblyjs/utf8': [ '1.11.6' ],
123 silly audit   '@webassemblyjs/wasm-edit': [ '1.12.1' ],
123 silly audit   '@webassemblyjs/wasm-gen': [ '1.12.1' ],
123 silly audit   '@webassemblyjs/wasm-opt': [ '1.12.1' ],
123 silly audit   '@webassemblyjs/wasm-parser': [ '1.12.1' ],
123 silly audit   '@webassemblyjs/wast-printer': [ '1.12.1' ],
123 silly audit   '@xtuc/ieee754': [ '1.2.0' ],
123 silly audit   '@xtuc/long': [ '4.2.2' ],
123 silly audit   abab: [ '2.0.6' ],
123 silly audit   accepts: [ '1.3.8' ],
123 silly audit   acorn: [ '8.12.0', '7.4.1' ],
123 silly audit   'acorn-globals': [ '6.0.0' ],
123 silly audit   'acorn-import-attributes': [ '1.9.5' ],
123 silly audit   'acorn-jsx': [ '5.3.2' ],
123 silly audit   'acorn-walk': [ '7.2.0' ],
123 silly audit   address: [ '1.2.2' ],
123 silly audit   'adjust-sourcemap-loader': [ '4.0.0' ],
123 silly audit   'agent-base': [ '6.0.2' ],
123 silly audit   ajv: [ '6.12.6', '8.16.0' ],
123 silly audit   'ajv-formats': [ '2.1.1' ],
123 silly audit   'json-schema-traverse': [ '1.0.0', '0.4.1' ],
123 silly audit   'ajv-keywords': [ '3.5.2', '5.1.0' ],
123 silly audit   'ansi-escapes': [ '4.3.2' ],
123 silly audit   'ansi-html': [ '0.0.9' ],
123 silly audit   'ansi-html-community': [ '0.0.8' ],
123 silly audit   'any-promise': [ '1.3.0' ],
123 silly audit   anymatch: [ '3.1.3' ],
123 silly audit   arg: [ '5.0.2' ],
123 silly audit   'array-buffer-byte-length': [ '1.0.1' ],
123 silly audit   'array-flatten': [ '1.1.1' ],
123 silly audit   'array-includes': [ '3.1.8' ],
123 silly audit   'array-union': [ '2.1.0' ],
123 silly audit   'array.prototype.findlast': [ '1.2.5' ],
123 silly audit   'array.prototype.findlastindex': [ '1.2.5' ],
123 silly audit   'array.prototype.flat': [ '1.3.2' ],
123 silly audit   'array.prototype.flatmap': [ '1.3.2' ],
123 silly audit   'array.prototype.reduce': [ '1.0.7' ],
123 silly audit   'array.prototype.toreversed': [ '1.1.2' ],
123 silly audit   'array.prototype.tosorted': [ '1.1.4' ],
123 silly audit   'arraybuffer.prototype.slice': [ '1.0.3' ],
123 silly audit   asap: [ '2.0.6' ],
123 silly audit   'ast-types-flow': [ '0.0.8' ],
123 silly audit   async: [ '3.2.5' ],
123 silly audit   asynckit: [ '0.4.0' ],
123 silly audit   'at-least-node': [ '1.0.0' ],
123 silly audit   autoprefixer: [ '10.4.19' ],
123 silly audit   'available-typed-arrays': [ '1.0.7' ],
123 silly audit   'aws-sdk': [ '2.1644.0' ],
123 silly audit   'axe-core': [ '4.7.0' ],
123 silly audit   'axobject-query': [ '3.2.1' ],
123 silly audit   'babel-jest': [ '29.7.0', '28.1.3', '27.5.1' ],
123 silly audit   'babel-loader': [ '8.3.0' ],
123 silly audit   'make-dir': [ '3.1.0', '4.0.0' ],
123 silly audit   'schema-utils': [ '2.7.1', '3.3.0', '2.7.0', '4.2.0' ],
123 silly audit   'babel-plugin-istanbul': [ '6.1.1' ],
123 silly audit   'babel-plugin-jest-hoist': [ '29.6.3', '28.1.3', '27.5.1' ],
123 silly audit   'babel-plugin-macros': [ '3.1.0' ],
123 silly audit   'babel-plugin-named-asset-import': [ '0.3.8' ],
123 silly audit   'babel-plugin-polyfill-corejs2': [ '0.4.11' ],
123 silly audit   'babel-plugin-polyfill-corejs3': [ '0.10.4' ],
123 silly audit   'babel-plugin-polyfill-regenerator': [ '0.6.2' ],
123 silly audit   'babel-plugin-transform-react-remove-prop-types': [ '0.4.24' ],
123 silly audit   'babel-preset-current-node-syntax': [ '1.0.1' ],
123 silly audit   'babel-preset-jest': [ '29.6.3', '28.1.3', '27.5.1' ],
123 silly audit   'babel-preset-react-app': [ '10.0.1' ],
123 silly audit   'balanced-match': [ '1.0.2' ],
123 silly audit   'base64-js': [ '1.5.1' ],
123 silly audit   batch: [ '0.6.1' ],
123 silly audit   bfj: [ '7.1.0' ],
123 silly audit   'big.js': [ '5.2.2' ],
123 silly audit   'binary-extensions': [ '2.3.0' ],
123 silly audit   bluebird: [ '3.7.2' ],
123 silly audit   'body-parser': [ '1.20.2' ],
123 silly audit   bytes: [ '3.1.2', '3.0.0' ],
123 silly audit   debug: [ '2.6.9', '4.3.5', '3.2.7' ],
123 silly audit   'iconv-lite': [ '0.4.24', '0.6.3' ],
123 silly audit   ms: [ '2.0.0', '2.1.2', '2.1.3' ],
123 silly audit   'bonjour-service': [ '1.2.1' ],
123 silly audit   boolbase: [ '1.0.0' ],
123 silly audit   'brace-expansion': [ '1.1.11', '2.0.1' ],
123 silly audit   braces: [ '3.0.3' ],
123 silly audit   'browser-process-hrtime': [ '1.0.0' ],
123 silly audit   browserslist: [ '4.23.1' ],
123 silly audit   bser: [ '2.1.1' ],
123 silly audit   buffer: [ '4.9.2' ],
123 silly audit   'buffer-from': [ '1.1.2' ],
123 silly audit   'builtin-modules': [ '3.3.0' ],
123 silly audit   'call-bind': [ '1.0.7' ],
123 silly audit   callsites: [ '3.1.0' ],
123 silly audit   'camel-case': [ '4.1.2' ],
123 silly audit   'camelcase-css': [ '2.0.1' ],
123 silly audit   'caniuse-api': [ '3.0.0' ],
123 silly audit   'caniuse-lite': [ '1.0.30001636' ],
123 silly audit   'case-sensitive-paths-webpack-plugin': [ '2.4.0' ],
123 silly audit   'char-regex': [ '1.0.2', '2.0.1' ],
123 silly audit   'check-types': [ '11.2.3' ],
123 silly audit   chokidar: [ '3.6.0' ],
123 silly audit   'glob-parent': [ '5.1.2', '6.0.2' ],
123 silly audit   'chrome-trace-event': [ '1.0.4' ],
123 silly audit   'ci-info': [ '3.9.0' ],
123 silly audit   'cjs-module-lexer': [ '1.3.1' ],
123 silly audit   'clean-css': [ '5.3.3' ],
123 silly audit   cliui: [ '8.0.1', '7.0.4' ],
123 silly audit   co: [ '4.6.0' ],
123 silly audit   coa: [ '2.0.2' ],
123 silly audit   'collect-v8-coverage': [ '1.0.2' ],
123 silly audit   colord: [ '2.9.3' ],
123 silly audit   colorette: [ '2.0.20' ],
123 silly audit   'combined-stream': [ '1.0.8' ],
123 silly audit   commander: [ '8.3.0', '4.1.1', '7.2.0', '2.20.3' ],
123 silly audit   'common-tags': [ '1.8.2' ],
123 silly audit   commondir: [ '1.0.1' ],
123 silly audit   compressible: [ '2.0.18' ],
123 silly audit   compression: [ '1.7.4' ],
123 silly audit   'safe-buffer': [ '5.1.2', '5.2.1' ],
123 silly audit   'concat-map': [ '0.0.1' ],
123 silly audit   'confusing-browser-globals': [ '1.0.11' ],
123 silly audit   'connect-history-api-fallback': [ '2.0.0' ],
123 silly audit   'content-disposition': [ '0.5.4' ],
123 silly audit   'content-type': [ '1.0.5' ],
123 silly audit   cookie: [ '0.6.0' ],
123 silly audit   'cookie-signature': [ '1.0.6' ],
123 silly audit   'core-js': [ '3.37.1' ],
123 silly audit   'core-js-compat': [ '3.37.1' ],
123 silly audit   'core-js-pure': [ '3.37.1' ],
123 silly audit   'core-util-is': [ '1.0.3' ],
123 silly audit   cosmiconfig: [ '7.1.0', '6.0.0' ],
123 silly audit   'cross-spawn': [ '7.0.3' ],
123 silly audit   'crypto-random-string': [ '2.0.0' ],
123 silly audit   'css-blank-pseudo': [ '3.0.3' ],
123 silly audit   'css-declaration-sorter': [ '6.4.1' ],
123 silly audit   'css-has-pseudo': [ '3.0.4' ],
123 silly audit   'css-loader': [ '6.11.0' ],
123 silly audit   'css-minimizer-webpack-plugin': [ '3.4.1' ],
123 silly audit   'jest-worker': [ '27.5.1', '29.7.0', '28.1.3', '26.6.2' ],
123 silly audit   'css-prefers-color-scheme': [ '6.0.3' ],
123 silly audit   'css-select-base-adapter': [ '0.1.1' ],
123 silly audit   'css.escape': [ '1.5.1' ],
123 silly audit   cssdb: [ '7.11.2' ],
123 silly audit   cssesc: [ '3.0.0' ],
123 silly audit   cssnano: [ '5.1.15' ],
123 silly audit   'cssnano-preset-default': [ '5.2.14' ],
123 silly audit   'cssnano-utils': [ '3.1.0' ],
123 silly audit   csso: [ '4.2.0' ],
123 silly audit   cssom: [ '0.5.0', '0.3.8', '0.4.4' ],
123 silly audit   cssstyle: [ '4.0.1', '2.3.0' ],
123 silly audit   'damerau-levenshtein': [ '1.0.8' ],
123 silly audit   'data-urls': [ '3.0.2', '2.0.0' ],
123 silly audit   'whatwg-url': [ '11.0.0', '8.7.0', '10.0.0', '7.1.0' ],
123 silly audit   'data-view-buffer': [ '1.0.1' ],
123 silly audit   'data-view-byte-length': [ '1.0.1' ],
123 silly audit   'data-view-byte-offset': [ '1.0.0' ],
123 silly audit   'decimal.js': [ '10.4.3' ],
123 silly audit   dedent: [ '0.7.0' ],
123 silly audit   'deep-is': [ '0.1.4' ],
123 silly audit   deepmerge: [ '4.3.1' ],
123 silly audit   'default-gateway': [ '6.0.3' ],
123 silly audit   'define-data-property': [ '1.1.4' ],
123 silly audit   'define-lazy-prop': [ '2.0.0' ],
123 silly audit   'define-properties': [ '1.2.1' ],
123 silly audit   'delayed-stream': [ '1.0.0' ],
123 silly audit   depd: [ '2.0.0', '1.1.2' ],
123 silly audit   dequal: [ '2.0.3' ],
123 silly audit   destroy: [ '1.2.0' ],
123 silly audit   'detect-newline': [ '3.1.0' ],
123 silly audit   'detect-node': [ '2.1.0' ],
123 silly audit   'detect-port-alt': [ '1.1.6' ],
123 silly audit   didyoumean: [ '1.2.2' ],
123 silly audit   'diff-sequences': [ '28.1.1', '27.5.1' ],
123 silly audit   'dir-glob': [ '3.0.1' ],
123 silly audit   dlv: [ '1.1.3' ],
123 silly audit   'dns-packet': [ '5.6.1' ],
123 silly audit   doctrine: [ '3.0.0', '2.1.0' ],
123 silly audit   'dom-converter': [ '0.2.0' ],
123 silly audit   domexception: [ '4.0.0', '2.0.1' ],
123 silly audit   domhandler: [ '4.3.1' ],
123 silly audit   'dot-case': [ '3.0.4' ],
123 silly audit   dotenv: [ '10.0.0' ],
123 silly audit   'dotenv-expand': [ '5.1.0' ],
123 silly audit   duplexer: [ '0.1.2' ],
123 silly audit   eastasianwidth: [ '0.2.0' ],
123 silly audit   'ee-first': [ '1.1.1' ],
123 silly audit   ejs: [ '3.1.10' ],
123 silly audit   'electron-to-chromium': [ '1.4.806' ],
123 silly audit   emittery: [ '0.10.2', '0.8.1' ],
123 silly audit   'emoji-regex': [ '9.2.2', '8.0.0' ],
123 silly audit   'emojis-list': [ '3.0.0' ],
123 silly audit   encodeurl: [ '1.0.2' ],
123 silly audit   'enhanced-resolve': [ '5.17.0' ],
123 silly audit   entities: [ '2.2.0' ],
123 silly audit   'error-ex': [ '1.3.2' ],
123 silly audit   'error-stack-parser': [ '2.1.4' ],
123 silly audit   'es-abstract': [ '1.23.3' ],
123 silly audit   'es-array-method-boxes-properly': [ '1.0.0' ],
123 silly audit   'es-define-property': [ '1.0.0' ],
123 silly audit   'es-errors': [ '1.3.0' ],
123 silly audit   'es-iterator-helpers': [ '1.0.19' ],
123 silly audit   'es-module-lexer': [ '1.5.3' ],
123 silly audit   'es-object-atoms': [ '1.0.0' ],
123 silly audit   'es-set-tostringtag': [ '2.0.3' ],
123 silly audit   'es-shim-unscopables': [ '1.0.2' ],
123 silly audit   'es-to-primitive': [ '1.2.1' ],
123 silly audit   escalade: [ '3.1.2' ],
123 silly audit   'escape-html': [ '1.0.3' ],
123 silly audit   'escape-string-regexp': [ '1.0.5', '4.0.0', '2.0.0' ],
123 silly audit   escodegen: [ '2.1.0', '1.14.3' ],
123 silly audit   eslint: [ '8.57.0' ],
123 silly audit   'eslint-config-react-app': [ '7.0.1' ],
123 silly audit   'eslint-import-resolver-node': [ '0.3.9' ],
123 silly audit   'eslint-module-utils': [ '2.8.1' ],
123 silly audit   'eslint-plugin-flowtype': [ '8.0.3' ],
123 silly audit   'eslint-plugin-import': [ '2.29.1' ],
123 silly audit   'eslint-plugin-jest': [ '25.7.0' ],
123 silly audit   'eslint-plugin-jsx-a11y': [ '6.8.0' ],
123 silly audit   'eslint-plugin-react': [ '7.34.3' ],
123 silly audit   'eslint-plugin-react-hooks': [ '4.6.2' ],
123 silly audit   resolve: [ '2.0.0-next.5', '1.22.8' ],
123 silly audit   'eslint-plugin-testing-library': [ '5.11.1' ],
123 silly audit   'eslint-webpack-plugin': [ '3.2.0' ],
123 silly audit   'find-up': [ '5.0.0', '4.1.0', '3.0.0' ],
123 silly audit   'locate-path': [ '6.0.0', '5.0.0', '3.0.0' ],
123 silly audit   'p-locate': [ '5.0.0', '4.1.0', '3.0.0' ],
123 silly audit   espree: [ '9.6.1' ],
123 silly audit   esprima: [ '4.0.1', '1.2.2' ],
123 silly audit   esquery: [ '1.5.0' ],
123 silly audit   esrecurse: [ '4.3.0' ],
123 silly audit   'estree-walker': [ '1.0.1' ],
123 silly audit   esutils: [ '2.0.3' ],
123 silly audit   etag: [ '1.8.1' ],
123 silly audit   eventemitter3: [ '4.0.7' ],
123 silly audit   events: [ '1.1.1', '3.3.0' ],
123 silly audit   execa: [ '5.1.1' ],
123 silly audit   exit: [ '0.1.2' ],
123 silly audit   expect: [ '28.1.3', '27.5.1' ],
123 silly audit   express: [ '4.19.2' ],
123 silly audit   'fast-deep-equal': [ '3.1.3' ],
123 silly audit   'fast-glob': [ '3.3.2' ],
123 silly audit   'fast-json-stable-stringify': [ '2.1.0' ],
123 silly audit   'fast-levenshtein': [ '2.0.6' ],
123 silly audit   fastq: [ '1.17.1' ],
123 silly audit   'faye-websocket': [ '0.11.4' ],
123 silly audit   'fb-watchman': [ '2.0.2' ],
123 silly audit   'file-entry-cache': [ '6.0.1' ],
123 silly audit   'file-loader': [ '6.2.0' ],
123 silly audit   filelist: [ '1.0.4' ],
123 silly audit   minimatch: [ '5.1.6', '8.0.4', '3.1.2', '9.0.4' ],
123 silly audit   filesize: [ '8.0.7' ],
123 silly audit   'fill-range': [ '7.1.1' ],
123 silly audit   finalhandler: [ '1.2.0' ],
123 silly audit   'find-cache-dir': [ '3.3.2' ],
123 silly audit   'flat-cache': [ '3.2.0' ],
123 silly audit   flatted: [ '3.3.1' ],
123 silly audit   'follow-redirects': [ '1.15.6' ],
123 silly audit   'for-each': [ '0.3.3' ],
123 silly audit   'foreground-child': [ '3.2.1' ],
123 silly audit   'signal-exit': [ '4.1.0', '3.0.7' ],
123 silly audit   'fork-ts-checker-webpack-plugin': [ '6.5.3' ],
123 silly audit   'fs-extra': [ '9.1.0', '10.1.0' ],
123 silly audit   tapable: [ '1.1.3', '2.2.1' ],
123 silly audit   'form-data': [ '4.0.0', '3.0.1' ],
123 silly audit   forwarded: [ '0.2.0' ],
123 silly audit   'fraction.js': [ '4.3.7' ],
123 silly audit   fresh: [ '0.5.2' ],
123 silly audit   'fs-monkey': [ '1.0.6' ],
123 silly audit   'fs.realpath': [ '1.0.0' ],
123 silly audit   fsevents: [ '2.3.3' ],
123 silly audit   'function-bind': [ '1.1.2' ],
123 silly audit   'function.prototype.name': [ '1.1.6' ],
123 silly audit   'functions-have-names': [ '1.2.3' ],
123 silly audit   gensync: [ '1.0.0-beta.2' ],
123 silly audit   'get-caller-file': [ '2.0.5' ],
123 silly audit   'get-intrinsic': [ '1.2.4' ],
123 silly audit   'get-own-enumerable-property-symbols': [ '3.0.2' ],
123 silly audit   'get-package-type': [ '0.1.0' ],
123 silly audit   'get-stream': [ '6.0.1' ],
123 silly audit   'get-symbol-description': [ '1.0.2' ],
123 silly audit   'glob-to-regexp': [ '0.4.1' ],
123 silly audit   'global-modules': [ '2.0.0' ],
123 silly audit   'global-prefix': [ '3.0.0' ],
123 silly audit   which: [ '1.3.1', '2.0.2' ],
123 silly audit   globalthis: [ '1.0.4' ],
123 silly audit   globby: [ '11.1.0' ],
123 silly audit   gopd: [ '1.0.1' ],
123 silly audit   'graceful-fs': [ '4.2.11' ],
123 silly audit   graphemer: [ '1.4.0' ],
123 silly audit   'gzip-size': [ '6.0.0' ],
123 silly audit   'handle-thing': [ '2.0.1' ],
123 silly audit   'harmony-reflect': [ '1.6.2' ],
123 silly audit   'has-bigints': [ '1.0.2' ],
123 silly audit   'has-property-descriptors': [ '1.0.2' ],
123 silly audit   'has-proto': [ '1.0.3' ],
123 silly audit   'has-symbols': [ '1.0.3' ],
123 silly audit   'has-tostringtag': [ '1.0.2' ],
123 silly audit   hasown: [ '2.0.2' ],
123 silly audit   he: [ '1.2.0' ],
123 silly audit   hoopy: [ '0.1.4' ],
123 silly audit   'hpack.js': [ '2.1.6' ],
123 silly audit   'readable-stream': [ '2.3.8', '3.6.2' ],
123 silly audit   string_decoder: [ '1.1.1', '1.3.0' ],
123 silly audit   'html-encoding-sniffer': [ '3.0.0', '2.0.1' ],
123 silly audit   'html-entities': [ '2.5.2' ],
123 silly audit   'html-escaper': [ '2.0.2' ],
123 silly audit   'html-minifier-terser': [ '6.1.0' ],
123 silly audit   'html-webpack-plugin': [ '5.6.0' ],
123 silly audit   htmlparser2: [ '6.1.0' ],
123 silly audit   'http-deceiver': [ '1.2.7' ],
123 silly audit   'http-errors': [ '2.0.0', '1.6.3' ],
123 silly audit   'http-parser-js': [ '0.5.8' ],
123 silly audit   'http-proxy': [ '1.18.1' ],
123 silly audit   'http-proxy-agent': [ '5.0.0', '4.0.1' ],
123 silly audit   'http-proxy-middleware': [ '2.0.6' ],
123 silly audit   'https-proxy-agent': [ '5.0.1' ],
123 silly audit   'human-signals': [ '2.1.0' ],
123 silly audit   'icss-utils': [ '5.1.0' ],
123 silly audit   idb: [ '7.1.1' ],
123 silly audit   'identity-obj-proxy': [ '3.0.0' ],
123 silly audit   ieee754: [ '1.1.13' ],
123 silly audit   ignore: [ '5.3.1' ],
123 silly audit   immer: [ '9.0.21' ],
123 silly audit   'import-fresh': [ '3.3.0' ],
123 silly audit   'resolve-from': [ '4.0.0', '5.0.0' ],
123 silly audit   'import-local': [ '3.1.0' ],
123 silly audit   imurmurhash: [ '0.1.4' ],
123 silly audit   'indent-string': [ '4.0.0' ],
123 silly audit   inflight: [ '1.0.6' ],
123 silly audit   inherits: [ '2.0.4', '2.0.3' ],
123 silly audit   ini: [ '1.3.8' ],
123 silly audit   'internal-slot': [ '1.0.7' ],
123 silly audit   'ipaddr.js': [ '2.2.0', '1.9.1' ],
123 silly audit   'is-arguments': [ '1.1.1' ],
123 silly audit   'is-array-buffer': [ '3.0.4' ],
123 silly audit   'is-arrayish': [ '0.2.1' ],
123 silly audit   'is-async-function': [ '2.0.0' ],
123 silly audit   'is-bigint': [ '1.0.4' ],
123 silly audit   'is-binary-path': [ '2.1.0' ],
123 silly audit   'is-boolean-object': [ '1.1.2' ],
123 silly audit   'is-callable': [ '1.2.7' ],
123 silly audit   'is-core-module': [ '2.13.1' ],
123 silly audit   'is-data-view': [ '1.0.1' ],
123 silly audit   'is-date-object': [ '1.0.5' ],
123 silly audit   'is-docker': [ '2.2.1' ],
123 silly audit   'is-extglob': [ '2.1.1' ],
123 silly audit   'is-finalizationregistry': [ '1.0.2' ],
123 silly audit   'is-fullwidth-code-point': [ '3.0.0' ],
123 silly audit   'is-generator-fn': [ '2.1.0' ],
123 silly audit   'is-generator-function': [ '1.0.10' ],
123 silly audit   'is-glob': [ '4.0.3' ],
123 silly audit   'is-map': [ '2.0.3' ],
123 silly audit   'is-module': [ '1.0.0' ],
123 silly audit   'is-negative-zero': [ '2.0.3' ],
123 silly audit   'is-number': [ '7.0.0' ],
123 silly audit   'is-number-object': [ '1.0.7' ],
123 silly audit   'is-obj': [ '1.0.1' ],
123 silly audit   'is-path-inside': [ '3.0.3' ],
123 silly audit   'is-plain-obj': [ '3.0.0' ],
123 silly audit   'is-potential-custom-element-name': [ '1.0.1' ],
123 silly audit   'is-regex': [ '1.1.4' ],
123 silly audit   'is-regexp': [ '1.0.0' ],
123 silly audit   'is-root': [ '2.1.0' ],
123 silly audit   'is-set': [ '2.0.3' ],
123 silly audit   'is-shared-array-buffer': [ '1.0.3' ],
123 silly audit   'is-stream': [ '2.0.1' ],
123 silly audit   'is-string': [ '1.0.7' ],
123 silly audit   'is-symbol': [ '1.0.4' ],
123 silly audit   'is-typed-array': [ '1.1.13' ],
123 silly audit   'is-typedarray': [ '1.0.0' ],
123 silly audit   'is-weakmap': [ '2.0.2' ],
123 silly audit   'is-weakref': [ '1.0.2' ],
123 silly audit   'is-weakset': [ '2.0.3' ],
123 silly audit   'is-wsl': [ '2.2.0' ],
123 silly audit   isarray: [ '1.0.0', '2.0.5' ],
123 silly audit   isexe: [ '2.0.0' ],
123 silly audit   'istanbul-lib-coverage': [ '3.2.2' ],
123 silly audit   'istanbul-lib-instrument': [ '5.2.1' ],
123 silly audit   'istanbul-lib-report': [ '3.0.1' ],
123 silly audit   'istanbul-lib-source-maps': [ '4.0.1' ],
123 silly audit   'istanbul-reports': [ '3.1.7' ],
123 silly audit   'iterator.prototype': [ '1.1.2' ],
123 silly audit   jackspeak: [ '3.4.0' ],
123 silly audit   jake: [ '10.9.1' ],
123 silly audit   jest: [ '28.1.3', '27.5.1' ],
123 silly audit   'jest-changed-files': [ '28.1.3', '27.5.1' ],
123 silly audit   'jest-circus': [ '28.1.3', '27.5.1' ],
123 silly audit   'jest-cli': [ '28.1.3', '27.5.1' ],
123 silly audit   'jest-config': [ '28.1.3', '27.5.1' ],
123 silly audit   'jest-diff': [ '28.1.3', '27.5.1' ],
123 silly audit   'jest-docblock': [ '28.1.1', '27.5.1' ],
123 silly audit   'jest-each': [ '28.1.3', '27.5.1' ],
123 silly audit   'jest-environment-jsdom': [ '28.1.3', '27.5.1' ],
123 silly audit   'jest-environment-node': [ '28.1.3', '27.5.1' ],
123 silly audit   'jest-get-type': [ '28.0.2', '27.5.1' ],
123 silly audit   'jest-jasmine2': [ '27.5.1' ],
123 silly audit   'jest-matcher-utils': [ '27.5.1', '28.1.3' ],
123 silly audit   'jest-message-util': [ '27.5.1', '28.1.3' ],
123 silly audit   'jest-mock': [ '27.5.1', '28.1.3' ],
123 silly audit   'jest-resolve': [ '27.5.1', '28.1.3' ],
123 silly audit   'jest-runtime': [ '27.5.1', '28.1.3' ],
123 silly audit   'jest-snapshot': [ '27.5.1', '28.1.3' ],
123 silly audit   'jest-validate': [ '27.5.1', '28.1.3' ],
123 silly audit   'write-file-atomic': [ '3.0.3', '4.0.2' ],
123 silly audit   'jest-leak-detector': [ '28.1.3', '27.5.1' ],
123 silly audit   'jest-pnp-resolver': [ '1.2.3' ],
123 silly audit   'jest-resolve-dependencies': [ '28.1.3', '27.5.1' ],
123 silly audit   'jest-runner': [ '28.1.3', '27.5.1' ],
123 silly audit   'jest-serializer': [ '27.5.1' ],
123 silly audit   'jest-watch-typeahead': [ '1.1.0' ],
123 silly audit   slash: [ '4.0.0', '3.0.0' ],
123 silly audit   'string-length': [ '5.0.1', '4.0.2' ],
123 silly audit   'jest-watcher': [ '28.1.3', '27.5.1' ],
123 silly audit   jiti: [ '1.21.6' ],
123 silly audit   jmespath: [ '0.16.0' ],
123 silly audit   'js-tokens': [ '4.0.0' ],
123 silly audit   jsdom: [ '19.0.0', '16.7.0' ],
123 silly audit   jsesc: [ '2.5.2', '0.5.0' ],
123 silly audit   'json-buffer': [ '3.0.1' ],
123 silly audit   'json-parse-even-better-errors': [ '2.3.1' ],
123 silly audit   'json-schema': [ '0.4.0' ],
123 silly audit   'json-stable-stringify-without-jsonify': [ '1.0.1' ],
123 silly audit   json5: [ '2.2.3', '1.0.2' ],
123 silly audit   jsonfile: [ '6.1.0' ],
123 silly audit   jsonpath: [ '1.1.1' ],
123 silly audit   jsonpointer: [ '5.0.1' ],
123 silly audit   'jsx-ast-utils': [ '3.3.5' ],
123 silly audit   keyv: [ '4.5.4' ],
123 silly audit   'kind-of': [ '6.0.3' ],
123 silly audit   kleur: [ '3.0.3' ],
123 silly audit   klona: [ '2.0.6' ],
123 silly audit   'language-subtag-registry': [ '0.3.23' ],
123 silly audit   'language-tags': [ '1.0.9' ],
123 silly audit   'launch-editor': [ '2.8.0' ],
123 silly audit   leven: [ '3.1.0' ],
123 silly audit   levn: [ '0.4.1', '0.3.0' ],
123 silly audit   lilconfig: [ '2.1.0', '3.1.2' ],
123 silly audit   'lines-and-columns': [ '1.2.4' ],
123 silly audit   'loader-runner': [ '4.3.0' ],
123 silly audit   'loader-utils': [ '2.0.4', '3.3.1' ],
123 silly audit   lodash: [ '4.17.21' ],
123 silly audit   'lodash.debounce': [ '4.0.8' ],
123 silly audit   'lodash.memoize': [ '4.1.2' ],
123 silly audit   'lodash.merge': [ '4.6.2' ],
123 silly audit   'lodash.sortby': [ '4.7.0' ],
123 silly audit   'lodash.uniq': [ '4.5.0' ],
123 silly audit   'loose-envify': [ '1.4.0' ],
123 silly audit   'lower-case': [ '2.0.2' ],
123 silly audit   'lz-string': [ '1.5.0' ],
123 silly audit   'magic-string': [ '0.25.9' ],
123 silly audit   makeerror: [ '1.0.12' ],
123 silly audit   'media-typer': [ '0.3.0' ],
123 silly audit   memfs: [ '3.5.3' ],
123 silly audit   'merge-descriptors': [ '1.0.1' ],
123 silly audit   'merge-stream': [ '2.0.0' ],
123 silly audit   merge2: [ '1.4.1' ],
123 silly audit   methods: [ '1.1.2' ],
123 silly audit   micromatch: [ '4.0.7' ],
123 silly audit   mime: [ '1.6.0' ],
123 silly audit   'mime-db': [ '1.52.0' ],
123 silly audit   'mime-types': [ '2.1.35' ],
123 silly audit   'mimic-fn': [ '2.1.0' ],
123 silly audit   'min-indent': [ '1.0.1' ],
123 silly audit   'mini-css-extract-plugin': [ '2.9.0' ],
123 silly audit   'minimalistic-assert': [ '1.0.1' ],
123 silly audit   minimist: [ '1.2.8' ],
123 silly audit   minipass: [ '4.2.8', '7.1.2' ],
123 silly audit   mkdirp: [ '0.5.6' ],
123 silly audit   'multicast-dns': [ '7.2.5' ],
123 silly audit   mz: [ '2.7.0' ],
123 silly audit   nanoid: [ '3.3.7' ],
123 silly audit   'natural-compare': [ '1.4.0' ],
123 silly audit   'natural-compare-lite': [ '1.4.0' ],
123 silly audit   negotiator: [ '0.6.3' ],
123 silly audit   'neo-async': [ '2.6.2' ],
123 silly audit   'no-case': [ '3.0.4' ],
123 silly audit   'node-forge': [ '1.3.1' ],
123 silly audit   'node-int64': [ '0.4.0' ],
123 silly audit   'node-releases': [ '2.0.14' ],
123 silly audit   'normalize-path': [ '3.0.0' ],
123 silly audit   'normalize-range': [ '0.1.2' ],
123 silly audit   'normalize-url': [ '6.1.0' ],
123 silly audit   'npm-run-path': [ '4.0.1' ],
123 silly audit   nwsapi: [ '2.2.10' ],
123 silly audit   'object-assign': [ '4.1.1' ],
123 silly audit   'object-hash': [ '3.0.0' ],
123 silly audit   'object-inspect': [ '1.13.1' ],
123 silly audit   'object-keys': [ '1.1.1' ],
123 silly audit   'object.assign': [ '4.1.5' ],
123 silly audit   'object.entries': [ '1.1.8' ],
123 silly audit   'object.fromentries': [ '2.0.8' ],
123 silly audit   'object.getownpropertydescriptors': [ '2.1.8' ],
123 silly audit   'object.groupby': [ '1.0.3' ],
123 silly audit   'object.hasown': [ '1.1.4' ],
123 silly audit   'object.values': [ '1.2.0' ],
123 silly audit   obuf: [ '1.1.2' ],
123 silly audit   'on-finished': [ '2.4.1' ],
123 silly audit   'on-headers': [ '1.0.2' ],
123 silly audit   once: [ '1.4.0' ],
123 silly audit   onetime: [ '5.1.2' ],
123 silly audit   open: [ '8.4.2' ],
123 silly audit   optionator: [ '0.9.4', '0.8.3' ],
123 silly audit   'p-limit': [ '3.1.0', '2.3.0' ],
123 silly audit   'p-retry': [ '4.6.2' ],
123 silly audit   'p-try': [ '2.2.0' ],
123 silly audit   'package-json-from-dist': [ '1.0.0' ],
123 silly audit   'param-case': [ '3.0.4' ],
123 silly audit   'parent-module': [ '1.0.1' ],
123 silly audit   'parse-json': [ '5.2.0' ],
123 silly audit   parse5: [ '6.0.1' ],
123 silly audit   parseurl: [ '1.3.3' ],
123 silly audit   'pascal-case': [ '3.1.2' ],
123 silly audit   'path-exists': [ '4.0.0', '3.0.0' ],
123 silly audit   'path-is-absolute': [ '1.0.1' ],
123 silly audit   'path-key': [ '3.1.1' ],
123 silly audit   'path-parse': [ '1.0.7' ],
123 silly audit   'path-scurry': [ '1.11.1' ],
123 silly audit   'path-to-regexp': [ '0.1.7' ],
123 silly audit   'path-type': [ '4.0.0' ],
123 silly audit   'performance-now': [ '2.1.0' ],
123 silly audit   picocolors: [ '1.0.1', '0.2.1' ],
123 silly audit   picomatch: [ '2.3.1' ],
123 silly audit   pify: [ '2.3.0' ],
123 silly audit   pirates: [ '4.0.6' ],
123 silly audit   'pkg-dir': [ '4.2.0' ],
123 silly audit   'pkg-up': [ '3.1.0' ],
123 silly audit   'possible-typed-array-names': [ '1.0.0' ],
123 silly audit   postcss: [ '8.4.38', '7.0.39' ],
123 silly audit   'postcss-attribute-case-insensitive': [ '5.0.2' ],
123 silly audit   'postcss-browser-comments': [ '4.0.0' ],
123 silly audit   'postcss-calc': [ '8.2.4' ],
123 silly audit   'postcss-clamp': [ '4.1.0' ],
123 silly audit   'postcss-color-functional-notation': [ '4.2.4' ],
123 silly audit   'postcss-color-hex-alpha': [ '8.0.4' ],
123 silly audit   'postcss-color-rebeccapurple': [ '7.1.1' ],
123 silly audit   'postcss-colormin': [ '5.3.1' ],
123 silly audit   'postcss-convert-values': [ '5.1.3' ],
123 silly audit   'postcss-custom-media': [ '8.0.2' ],
123 silly audit   'postcss-custom-properties': [ '12.1.11' ],
123 silly audit   'postcss-custom-selectors': [ '6.0.3' ],
123 silly audit   'postcss-dir-pseudo-class': [ '6.0.5' ],
123 silly audit   'postcss-discard-comments': [ '5.1.2' ],
123 silly audit   'postcss-discard-duplicates': [ '5.1.0' ],
123 silly audit   'postcss-discard-empty': [ '5.1.1' ],
123 silly audit   'postcss-discard-overridden': [ '5.1.0' ],
123 silly audit   'postcss-double-position-gradients': [ '3.1.2' ],
123 silly audit   'postcss-env-function': [ '4.0.6' ],
123 silly audit   'postcss-flexbugs-fixes': [ '5.0.2' ],
123 silly audit   'postcss-focus-visible': [ '6.0.4' ],
123 silly audit   'postcss-focus-within': [ '5.0.4' ],
123 silly audit   'postcss-font-variant': [ '5.0.0' ],
123 silly audit   'postcss-gap-properties': [ '3.0.5' ],
123 silly audit   'postcss-image-set-function': [ '4.0.7' ],
123 silly audit   'postcss-import': [ '15.1.0' ],
123 silly audit   'postcss-initial': [ '4.0.1' ],
123 silly audit   'postcss-js': [ '4.0.1' ],
123 silly audit   'postcss-lab-function': [ '4.2.1' ],
123 silly audit   'postcss-load-config': [ '4.0.2' ],
123 silly audit   yaml: [ '2.4.5', '1.10.2' ],
123 silly audit   'postcss-loader': [ '6.2.1' ],
123 silly audit   'postcss-logical': [ '5.0.4' ],
123 silly audit   'postcss-media-minmax': [ '5.0.0' ],
123 silly audit   'postcss-merge-longhand': [ '5.1.7' ],
123 silly audit   'postcss-merge-rules': [ '5.1.4' ],
123 silly audit   'postcss-minify-font-values': [ '5.1.0' ],
123 silly audit   'postcss-minify-gradients': [ '5.1.1' ],
123 silly audit   'postcss-minify-params': [ '5.1.4' ],
123 silly audit   'postcss-minify-selectors': [ '5.2.1' ],
123 silly audit   'postcss-modules-extract-imports': [ '3.1.0' ],
123 silly audit   'postcss-modules-local-by-default': [ '4.0.5' ],
123 silly audit   'postcss-modules-scope': [ '3.2.0' ],
123 silly audit   'postcss-modules-values': [ '4.0.0' ],
123 silly audit   'postcss-nested': [ '6.0.1' ],
123 silly audit   'postcss-nesting': [ '10.2.0' ],
123 silly audit   'postcss-normalize': [ '10.0.1' ],
123 silly audit   'postcss-normalize-charset': [ '5.1.0' ],
123 silly audit   'postcss-normalize-display-values': [ '5.1.0' ],
123 silly audit   'postcss-normalize-positions': [ '5.1.1' ],
123 silly audit   'postcss-normalize-repeat-style': [ '5.1.1' ],
123 silly audit   'postcss-normalize-string': [ '5.1.0' ],
123 silly audit   'postcss-normalize-timing-functions': [ '5.1.0' ],
123 silly audit   'postcss-normalize-unicode': [ '5.1.1' ],
123 silly audit   'postcss-normalize-url': [ '5.1.0' ],
123 silly audit   'postcss-normalize-whitespace': [ '5.1.1' ],
123 silly audit   'postcss-opacity-percentage': [ '1.1.3' ],
123 silly audit   'postcss-ordered-values': [ '5.1.3' ],
123 silly audit   'postcss-overflow-shorthand': [ '3.0.4' ],
123 silly audit   'postcss-page-break': [ '3.0.4' ],
123 silly audit   'postcss-place': [ '7.0.5' ],
123 silly audit   'postcss-preset-env': [ '7.8.3' ],
123 silly audit   'postcss-pseudo-class-any-link': [ '7.1.6' ],
123 silly audit   'postcss-reduce-initial': [ '5.1.2' ],
123 silly audit   'postcss-reduce-transforms': [ '5.1.0' ],
123 silly audit   'postcss-replace-overflow-wrap': [ '4.0.0' ],
123 silly audit   'postcss-selector-not': [ '6.0.1' ],
123 silly audit   'postcss-selector-parser': [ '6.1.0' ],
123 silly audit   'postcss-svgo': [ '5.1.0' ],
123 silly audit   'postcss-unique-selectors': [ '5.1.1' ],
123 silly audit   'postcss-value-parser': [ '4.2.0' ],
123 silly audit   'prelude-ls': [ '1.2.1', '1.1.2' ],
123 silly audit   'pretty-bytes': [ '5.6.0' ],
123 silly audit   'pretty-error': [ '4.0.0' ],
123 silly audit   'process-nextick-args': [ '2.0.1' ],
123 silly audit   promise: [ '8.3.0' ],
123 silly audit   prompts: [ '2.4.2' ],
123 silly audit   'prop-types': [ '15.8.1' ],
123 silly audit   'proxy-addr': [ '2.0.7' ],
123 silly audit   psl: [ '1.9.0' ],
123 silly audit   punycode: [ '2.3.1', '1.3.2' ],
123 silly audit   q: [ '1.5.1' ],
123 silly audit   qs: [ '6.11.0' ],
123 silly audit   querystring: [ '0.2.0' ],
123 silly audit   querystringify: [ '2.2.0' ],
123 silly audit   'queue-microtask': [ '1.2.3' ],
123 silly audit   raf: [ '3.4.1' ],
123 silly audit   randombytes: [ '2.1.0' ],
123 silly audit   'range-parser': [ '1.2.1' ],
123 silly audit   'raw-body': [ '2.5.2' ],
123 silly audit   react: [ '17.0.2' ],
123 silly audit   'react-app-polyfill': [ '3.0.0' ],
123 silly audit   'regenerator-runtime': [ '0.13.11', '0.14.1' ],
123 silly audit   'react-dev-utils': [ '12.0.1' ],
123 silly audit   'react-dom': [ '17.0.2' ],
123 silly audit   'react-error-overlay': [ '6.0.11' ],
123 silly audit   'react-refresh': [ '0.11.0' ],
123 silly audit   'react-scripts': [ '5.0.1' ],
123 silly audit   'webidl-conversions': [ '5.0.0', '6.1.0', '7.0.0', '4.0.2' ],
123 silly audit   tr46: [ '2.1.0', '3.0.0', '1.0.1' ],
123 silly audit   'v8-to-istanbul': [ '8.1.1', '9.2.0' ],
123 silly audit   'w3c-xmlserializer': [ '2.0.0', '3.0.0' ],
123 silly audit   'whatwg-encoding': [ '1.0.5', '2.0.0' ],
123 silly audit   'whatwg-mimetype': [ '2.3.0', '3.0.0' ],
123 silly audit   ws: [ '7.5.10', '8.17.1' ],
123 silly audit   'xml-name-validator': [ '3.0.0', '4.0.0' ],
123 silly audit   yargs: [ '16.2.0', '17.7.2' ],
123 silly audit   'yargs-parser': [ '20.2.9', '21.1.1' ],
123 silly audit   'read-cache': [ '1.0.0' ],
123 silly audit   readdirp: [ '3.6.0' ],
123 silly audit   'recursive-readdir': [ '2.2.3' ],
123 silly audit   redent: [ '3.0.0' ],
123 silly audit   'reflect.getprototypeof': [ '1.0.6' ],
123 silly audit   regenerate: [ '1.4.2' ],
123 silly audit   'regenerate-unicode-properties': [ '10.1.1' ],
123 silly audit   'regenerator-transform': [ '0.15.2' ],
123 silly audit   'regex-parser': [ '2.3.0' ],
123 silly audit   'regexp.prototype.flags': [ '1.5.2' ],
123 silly audit   'regexpu-core': [ '5.3.2' ],
123 silly audit   regjsparser: [ '0.9.1' ],
123 silly audit   relateurl: [ '0.2.7' ],
123 silly audit   renderkid: [ '3.0.0' ],
123 silly audit   'require-directory': [ '2.1.1' ],
123 silly audit   'require-from-string': [ '2.0.2' ],
123 silly audit   'requires-port': [ '1.0.0' ],
123 silly audit   'resolve-cwd': [ '3.0.0' ],
123 silly audit   'resolve-url-loader': [ '4.0.0' ],
123 silly audit   'resolve.exports': [ '1.1.1' ],
123 silly audit   retry: [ '0.13.1' ],
123 silly audit   reusify: [ '1.0.4' ],
123 silly audit   rollup: [ '2.79.1' ],
123 silly audit   'rollup-plugin-terser': [ '7.0.2' ],
123 silly audit   'serialize-javascript': [ '4.0.0', '6.0.2' ],
123 silly audit   'rrweb-cssom': [ '0.6.0' ],
123 silly audit   'run-parallel': [ '1.2.0' ],
123 silly audit   'safe-array-concat': [ '1.1.2' ],
123 silly audit   'safe-regex-test': [ '1.0.3' ],
123 silly audit   'safer-buffer': [ '2.1.2' ],
123 silly audit   'sanitize.css': [ '13.0.0' ],
123 silly audit   'sass-loader': [ '12.6.0' ],
123 silly audit   saxes: [ '5.0.1' ],
123 silly audit   scheduler: [ '0.20.2' ],
123 silly audit   'select-hose': [ '2.0.0' ],
123 silly audit   selfsigned: [ '2.4.1' ],
123 silly audit   send: [ '0.18.0' ],
123 silly audit   'serve-index': [ '1.9.1' ],
123 silly audit   setprototypeof: [ '1.1.0', '1.2.0' ],
123 silly audit   statuses: [ '1.5.0', '2.0.1' ],
123 silly audit   'serve-static': [ '1.15.0' ],
123 silly audit   'set-function-length': [ '1.2.2' ],
123 silly audit   'set-function-name': [ '2.0.2' ],
123 silly audit   'shebang-command': [ '2.0.0' ],
123 silly audit   'shebang-regex': [ '3.0.0' ],
123 silly audit   'shell-quote': [ '1.8.1' ],
123 silly audit   'side-channel': [ '1.0.6' ],
123 silly audit   sisteransi: [ '1.0.5' ],
123 silly audit   smob: [ '1.5.0' ],
123 silly audit   sockjs: [ '0.3.24' ],
123 silly audit   uuid: [ '8.3.2', '8.0.0' ],
123 silly audit   'source-list-map': [ '2.0.1' ],
123 silly audit   'source-map-js': [ '1.2.0' ],
123 silly audit   'source-map-loader': [ '3.0.2' ],
123 silly audit   'source-map-support': [ '0.5.13', '0.5.21' ],
123 silly audit   'sourcemap-codec': [ '1.4.8' ],
123 silly audit   spdy: [ '4.0.2' ],
123 silly audit   'spdy-transport': [ '3.0.0' ],
123 silly audit   'sprintf-js': [ '1.0.3' ],
123 silly audit   stable: [ '0.1.8' ],
123 silly audit   'stack-utils': [ '2.0.6' ],
123 silly audit   stackframe: [ '1.3.4' ],
123 silly audit   'static-eval': [ '2.0.2' ],
123 silly audit   'type-check': [ '0.3.2', '0.4.0' ],
123 silly audit   'string-natural-compare': [ '3.0.1' ],
123 silly audit   'string.prototype.matchall': [ '4.0.11' ],
123 silly audit   'string.prototype.trim': [ '1.2.9' ],
123 silly audit   'string.prototype.trimend': [ '1.0.8' ],
123 silly audit   'string.prototype.trimstart': [ '1.0.8' ],
123 silly audit   'stringify-object': [ '3.3.0' ],
123 silly audit   'strip-bom': [ '4.0.0', '3.0.0' ],
123 silly audit   'strip-comments': [ '2.0.1' ],
123 silly audit   'strip-final-newline': [ '2.0.0' ],
123 silly audit   'strip-indent': [ '3.0.0' ],
123 silly audit   'strip-json-comments': [ '3.1.1' ],
123 silly audit   'style-loader': [ '3.3.4' ],
123 silly audit   stylehacks: [ '5.1.1' ],
123 silly audit   sucrase: [ '3.35.0' ],
123 silly audit   'supports-hyperlinks': [ '2.3.0' ],
123 silly audit   'supports-preserve-symlinks-flag': [ '1.0.0' ],
123 silly audit   'svg-parser': [ '2.0.4' ],
123 silly audit   'symbol-tree': [ '3.2.4' ],
123 silly audit   tailwindcss: [ '3.4.4' ],
123 silly audit   'temp-dir': [ '2.0.0' ],
123 silly audit   tempy: [ '0.6.0' ],
123 silly audit   'terminal-link': [ '2.1.1' ],
123 silly audit   terser: [ '5.31.1' ],
123 silly audit   'terser-webpack-plugin': [ '5.3.10' ],
123 silly audit   'test-exclude': [ '6.0.0' ],
123 silly audit   'text-table': [ '0.2.0' ],
123 silly audit   thenify: [ '3.3.1' ],
123 silly audit   'thenify-all': [ '1.6.0' ],
123 silly audit   throat: [ '6.0.2' ],
123 silly audit   thunky: [ '1.1.0' ],
123 silly audit   tmpl: [ '1.0.5' ],
123 silly audit   'to-fast-properties': [ '2.0.0' ],
123 silly audit   'to-regex-range': [ '5.0.1' ],
123 silly audit   toidentifier: [ '1.0.1' ],
123 silly audit   'tough-cookie': [ '4.1.4' ],
123 silly audit   universalify: [ '0.2.0', '2.0.1' ],
123 silly audit   tryer: [ '1.0.1' ],
123 silly audit   'ts-interface-checker': [ '0.1.13' ],
123 silly audit   'tsconfig-paths': [ '3.15.0' ],
123 silly audit   tslib: [ '2.6.3', '1.14.1' ],
123 silly audit   tsutils: [ '3.21.0' ],
123 silly audit   'type-detect': [ '4.0.8' ],
123 silly audit   'type-is': [ '1.6.18' ],
123 silly audit   'typed-array-buffer': [ '1.0.2' ],
123 silly audit   'typed-array-byte-length': [ '1.0.1' ],
123 silly audit   'typed-array-byte-offset': [ '1.0.2' ],
123 silly audit   'typed-array-length': [ '1.0.6' ],
123 silly audit   'typedarray-to-buffer': [ '3.1.5' ],
123 silly audit   'unbox-primitive': [ '1.0.2' ],
123 silly audit   underscore: [ '1.12.1' ],
123 silly audit   'undici-types': [ '5.26.5' ],
123 silly audit   'unicode-canonical-property-names-ecmascript': [ '2.0.0' ],
123 silly audit   'unicode-match-property-ecmascript': [ '2.0.0' ],
123 silly audit   'unicode-match-property-value-ecmascript': [ '2.1.0' ],
123 silly audit   'unicode-property-aliases-ecmascript': [ '2.1.0' ],
123 silly audit   'unique-string': [ '2.0.0' ],
123 silly audit   unpipe: [ '1.0.0' ],
123 silly audit   unquote: [ '1.1.1' ],
123 silly audit   upath: [ '1.2.0' ],
123 silly audit   'update-browserslist-db': [ '1.0.16' ],
123 silly audit   'uri-js': [ '4.4.1' ],
123 silly audit   url: [ '0.10.3' ],
123 silly audit   'url-parse': [ '1.5.10' ],
123 silly audit   util: [ '0.12.5' ],
123 silly audit   'util-deprecate': [ '1.0.2' ],
123 silly audit   'util.promisify': [ '1.0.1' ],
123 silly audit   utila: [ '0.4.0' ],
123 silly audit   'utils-merge': [ '1.0.1' ],
123 silly audit   vary: [ '1.1.2' ],
123 silly audit   'w3c-hr-time': [ '1.0.2' ],
123 silly audit   walker: [ '1.0.8' ],
123 silly audit   watchpack: [ '2.4.1' ],
123 silly audit   wbuf: [ '1.7.3' ],
123 silly audit   'web-vitals': [ '2.1.4' ],
123 silly audit   webpack: [ '5.92.1' ],
123 silly audit   'webpack-dev-middleware': [ '5.3.4' ],
123 silly audit   'webpack-dev-server': [ '4.15.2' ],
123 silly audit   'webpack-manifest-plugin': [ '4.1.1' ],
123 silly audit   'webpack-sources': [ '2.3.1', '3.2.3', '1.4.3' ],
123 silly audit   'websocket-driver': [ '0.7.4' ],
123 silly audit   'websocket-extensions': [ '0.1.4' ],
123 silly audit   'whatwg-fetch': [ '3.6.20' ],
123 silly audit   'which-boxed-primitive': [ '1.0.2' ],
123 silly audit   'which-builtin-type': [ '1.1.3' ],
123 silly audit   'which-collection': [ '1.0.2' ],
123 silly audit   'which-typed-array': [ '1.1.15' ],
123 silly audit   'word-wrap': [ '1.2.5' ],
123 silly audit   'workbox-background-sync': [ '6.6.0' ],
123 silly audit   'workbox-broadcast-update': [ '6.6.0' ],
123 silly audit   'workbox-build': [ '6.6.0' ],
123 silly audit   '@apideck/better-ajv-errors': [ '0.3.6' ],
123 silly audit   'workbox-cacheable-response': [ '6.6.0' ],
123 silly audit   'workbox-core': [ '6.6.0' ],
123 silly audit   'workbox-expiration': [ '6.6.0' ],
123 silly audit   'workbox-google-analytics': [ '6.6.0' ],
123 silly audit   'workbox-navigation-preload': [ '6.6.0' ],
123 silly audit   'workbox-precaching': [ '6.6.0' ],
123 silly audit   'workbox-range-requests': [ '6.6.0' ],
123 silly audit   'workbox-recipes': [ '6.6.0' ],
123 silly audit   'workbox-routing': [ '6.6.0' ],
123 silly audit   'workbox-strategies': [ '6.6.0' ],
123 silly audit   'workbox-streams': [ '6.6.0' ],
123 silly audit   'workbox-sw': [ '6.6.0' ],
123 silly audit   'workbox-webpack-plugin': [ '6.6.0' ],
123 silly audit   'workbox-window': [ '6.6.0' ],
123 silly audit   wrappy: [ '1.0.2' ],
123 silly audit   xml2js: [ '0.6.2' ],
123 silly audit   xmlbuilder: [ '11.0.1' ],
123 silly audit   xmlchars: [ '2.2.0' ],
123 silly audit   y18n: [ '5.0.8' ],
123 silly audit   yallist: [ '3.1.1' ],
123 silly audit   'yocto-queue': [ '0.1.0' ],
123 silly audit   '@testing-library/dom': [ '7.31.2', '8.20.1' ],
123 silly audit   '@testing-library/react': [ '12.0.0' ],
123 silly audit   typescript: [ '4.9.5' ],
123 silly audit   'deep-equal': [ '2.2.3' ],
123 silly audit   'es-get-iterator': [ '1.1.3' ],
123 silly audit   'object-is': [ '1.1.6' ],
123 silly audit   'stop-iteration-iterator': [ '1.0.0' ]
123 silly audit }
124 silly tarball no local data for stop-iteration-iterator@https://registry.npmjs.org/stop-iteration-iterator/-/stop-iteration-iterator-1.0.0.tgz. Extracting by manifest.
125 silly tarball no local data for object-is@https://registry.npmjs.org/object-is/-/object-is-1.1.6.tgz. Extracting by manifest.
126 silly tarball no local data for es-get-iterator@https://registry.npmjs.org/es-get-iterator/-/es-get-iterator-1.1.3.tgz. Extracting by manifest.
127 silly tarball no local data for deep-equal@https://registry.npmjs.org/deep-equal/-/deep-equal-2.2.3.tgz. Extracting by manifest.
128 silly tarball no local data for @testing-library/react@https://registry.npmjs.org/@testing-library/react/-/react-12.0.0.tgz. Extracting by manifest.
129 silly tarball no local data for typescript@https://registry.npmjs.org/typescript/-/typescript-4.9.5.tgz. Extracting by manifest.
130 silly tarball no local data for aria-query@https://registry.npmjs.org/aria-query/-/aria-query-5.1.3.tgz. Extracting by manifest.
131 silly tarball no local data for @types/aria-query@https://registry.npmjs.org/@types/aria-query/-/aria-query-5.0.4.tgz. Extracting by manifest.
132 silly tarball no local data for @testing-library/dom@https://registry.npmjs.org/@testing-library/dom/-/dom-8.20.1.tgz. Extracting by manifest.
133 http fetch GET 200 https://registry.npmjs.org/stop-iteration-iterator/-/stop-iteration-iterator-1.0.0.tgz 32ms (cache miss)
134 http fetch GET 200 https://registry.npmjs.org/es-get-iterator/-/es-get-iterator-1.1.3.tgz 40ms (cache miss)
135 http fetch GET 200 https://registry.npmjs.org/object-is/-/object-is-1.1.6.tgz 40ms (cache miss)
136 http fetch GET 200 https://registry.npmjs.org/deep-equal/-/deep-equal-2.2.3.tgz 91ms (cache miss)
137 http fetch GET 200 https://registry.npmjs.org/@types/aria-query/-/aria-query-5.0.4.tgz 99ms (cache miss)
138 http fetch GET 200 https://registry.npmjs.org/aria-query/-/aria-query-5.1.3.tgz 104ms (cache miss)
139 http fetch POST 200 https://registry.npmjs.org/-/npm/v1/security/advisories/bulk 173ms
140 silly audit report {
140 silly audit report   'nth-check': [
140 silly audit report     {
140 silly audit report       id: 1095141,
140 silly audit report       url: 'https://github.com/advisories/GHSA-rp65-9cf3-cjxr',
140 silly audit report       title: 'Inefficient Regular Expression Complexity in nth-check',
140 silly audit report       severity: 'high',
140 silly audit report       vulnerable_versions: '<2.0.1',
140 silly audit report       cwe: [Array],
140 silly audit report       cvss: [Object]
140 silly audit report     }
140 silly audit report   ],
140 silly audit report   postcss: [
140 silly audit report     {
140 silly audit report       id: 1094544,
140 silly audit report       url: 'https://github.com/advisories/GHSA-7fh5-64p2-3v2j',
140 silly audit report       title: 'PostCSS line return parsing error',
140 silly audit report       severity: 'moderate',
140 silly audit report       vulnerable_versions: '<8.4.31',
140 silly audit report       cwe: [Array],
140 silly audit report       cvss: [Object]
140 silly audit report     }
140 silly audit report   ]
140 silly audit report }
141 silly packumentCache corgi:https://registry.npmjs.org/nth-check cache-miss
142 silly packumentCache corgi:https://registry.npmjs.org/postcss cache-miss
143 http fetch GET 200 https://registry.npmjs.org/nth-check 4ms (cache hit)
144 silly packumentCache corgi:https://registry.npmjs.org/nth-check set size:10078 disposed:false
145 http fetch GET 200 https://registry.npmjs.org/postcss 4ms (cache hit)
146 silly packumentCache corgi:https://registry.npmjs.org/postcss set size:321974 disposed:false
147 silly packumentCache corgi:https://registry.npmjs.org/css-select cache-miss
148 http fetch GET 200 https://registry.npmjs.org/@testing-library/react/-/react-12.0.0.tgz 174ms (cache miss)
149 http fetch GET 200 https://registry.npmjs.org/css-select 4ms (cache hit)
150 silly packumentCache corgi:https://registry.npmjs.org/css-select set size:44393 disposed:false
151 silly packumentCache corgi:https://registry.npmjs.org/resolve-url-loader cache-miss
152 http fetch GET 200 https://registry.npmjs.org/resolve-url-loader 4ms (cache hit)
153 silly packumentCache corgi:https://registry.npmjs.org/resolve-url-loader set size:61938 disposed:false
154 silly packumentCache corgi:https://registry.npmjs.org/svgo cache-miss
155 http fetch GET 200 https://registry.npmjs.org/svgo 6ms (cache hit)
156 silly packumentCache corgi:https://registry.npmjs.org/svgo set size:124929 disposed:false
157 silly packumentCache corgi:https://registry.npmjs.org/react-scripts cache-miss
158 http fetch GET 200 https://registry.npmjs.org/react-scripts 4ms (cache hit)
159 silly packumentCache corgi:https://registry.npmjs.org/react-scripts set size:340205 disposed:false
160 silly packumentCache corgi:https://registry.npmjs.org/@svgr%2fplugin-svgo cache-miss
161 http fetch GET 200 https://registry.npmjs.org/@svgr%2fplugin-svgo 2ms (cache hit)
162 silly packumentCache corgi:https://registry.npmjs.org/@svgr%2fplugin-svgo set size:36570 disposed:false
163 silly packumentCache corgi:https://registry.npmjs.org/@svgr%2fwebpack cache-miss
164 http fetch GET 200 https://registry.npmjs.org/@svgr%2fwebpack 2ms (cache hit)
165 silly packumentCache corgi:https://registry.npmjs.org/@svgr%2fwebpack set size:85201 disposed:false
166 http fetch GET 200 https://registry.npmjs.org/typescript/-/typescript-4.9.5.tgz 345ms (cache miss)
167 http fetch GET 200 https://registry.npmjs.org/@testing-library/dom/-/dom-8.20.1.tgz 366ms (cache miss)
168 silly ADD node_modules/stop-iteration-iterator
169 silly ADD node_modules/object-is
170 silly ADD node_modules/es-get-iterator
171 silly ADD node_modules/es-get-iterator/node_modules/isarray
172 silly ADD node_modules/deep-equal
173 silly ADD node_modules/deep-equal/node_modules/isarray
174 silly ADD node_modules/fsevents
175 silly CHANGE node_modules/typescript
176 silly CHANGE node_modules/@testing-library/react
177 silly ADD node_modules/@testing-library/react/node_modules/has-flag
178 silly ADD node_modules/@testing-library/react/node_modules/color-name
179 silly ADD node_modules/@testing-library/react/node_modules/color-convert
180 silly ADD node_modules/@testing-library/react/node_modules/supports-color
181 silly ADD node_modules/@testing-library/react/node_modules/ansi-styles
182 silly ADD node_modules/@testing-library/react/node_modules/pretty-format
183 silly ADD node_modules/@testing-library/react/node_modules/pretty-format/node_modules/ansi-styles
184 silly ADD node_modules/@testing-library/react/node_modules/chalk
185 silly ADD node_modules/@testing-library/react/node_modules/aria-query
186 silly ADD node_modules/@testing-library/react/node_modules/@types/aria-query
187 silly ADD node_modules/@testing-library/react/node_modules/@testing-library/dom
188 verbose cwd /Users/minahpark/Desktop/ozcoding_practice/react-github-actions
189 verbose os Darwin 23.3.0
190 verbose node v22.3.0
191 verbose npm  v10.8.1
192 verbose exit 0
193 info ok
