0 verbose cli /opt/homebrew/Cellar/node/22.2.0/bin/node /opt/homebrew/bin/npm
1 info using npm@10.7.0
2 info using node@v22.2.0
3 silly config:load:file:/opt/homebrew/lib/node_modules/npm/npmrc
4 silly config:load:file:/Users/minahpark/Desktop/ozcoding_practice/react-github-actions/.home/.npmrc
5 silly config:load:file:/opt/homebrew/etc/npmrc
6 verbose title npm install npm@latest
7 verbose argv "install" "--global" "npm@latest"
8 verbose logfile logs-max:10 dir:/Users/minahpark/Desktop/ozcoding_practice/react-github-actions/.home/npm-cache/_logs/2024-06-19T16_26_14_923Z-
9 verbose logfile /Users/minahpark/Desktop/ozcoding_practice/react-github-actions/.home/npm-cache/_logs/2024-06-19T16_26_14_923Z-debug-0.log
10 silly logfile done cleaning log files
11 http fetch GET 200 https://registry.npmjs.org/npm 174ms (cache miss)
12 http fetch GET 200 https://registry.npmjs.org/npm 16ms (cache hit)
13 silly idealTree buildDeps
14 silly fetch manifest npm@10.8.1
15 silly placeDep ROOT npm@10.8.1 OK for:  want: 10.8.1
16 silly reify moves {}
17 silly tarball no local data for npm@https://registry.npmjs.org/npm/-/npm-10.8.1.tgz. Extracting by manifest.
18 http fetch GET 200 https://registry.npmjs.org/npm/-/npm-10.8.1.tgz 663ms (cache miss)
19 silly ADD node_modules/npm
20 verbose exit 0
21 info ok
